c:\users\gary\documents\visual studio 2013\projects\apprise_cuda_parse\stringanylizergui\x64\debug\cudaparse.pch
c:\users\gary\documents\visual studio 2013\projects\apprise_cuda_parse\stringanylizergui\x64\debug\vc120.pdb
c:\users\gary\documents\visual studio 2013\projects\apprise_cuda_parse\stringanylizergui\x64\debug\stdafx.obj
c:\users\gary\documents\visual studio 2013\projects\apprise_cuda_parse\stringanylizergui\x64\debug\cudaparse.obj
c:\users\gary\documents\visual studio 2013\projects\apprise_cuda_parse\stringanylizergui\x64\debug\assemblyinfo.obj
c:\users\gary\documents\visual studio 2013\projects\apprise_cuda_parse\stringanylizergui\x64\debug\mymainclass.obj
c:\users\gary\documents\visual studio 2013\projects\apprise_cuda_parse\stringanylizergui\x64\debug\.netframework,version=v4.5.assemblyattributes.obj
c:\users\gary\documents\visual studio 2013\projects\apprise_cuda_parse\stringanylizergui\x64\debug\stringanylizergui.form1.resources
c:\users\gary\documents\visual studio 2013\projects\apprise_cuda_parse\x64\debug\cudaparse.exe
c:\users\gary\documents\visual studio 2013\projects\apprise_cuda_parse\x64\debug\cudaparse.pdb
c:\users\gary\documents\visual studio 2013\projects\apprise_cuda_parse\stringanylizergui\x64\debug\app.res
c:\users\gary\documents\visual studio 2013\projects\apprise_cuda_parse\stringanylizergui\x64\debug\kernel.cu.cache
c:\users\gary\documents\visual studio 2013\projects\apprise_cuda_parse\stringanylizergui\x64\debug\stringanylizergui.vcxproj.generateresource.cache
c:\users\gary\documents\visual studio 2013\projects\apprise_cuda_parse\stringanylizergui\x64\debug\kernel.cu.obj
c:\users\gary\documents\visual studio 2013\projects\apprise_cuda_parse\stringanylizergui\x64\debug\cudaparse.tlog\cl.command.1.tlog
c:\users\gary\documents\visual studio 2013\projects\apprise_cuda_parse\stringanylizergui\x64\debug\cudaparse.tlog\cl.read.1.tlog
c:\users\gary\documents\visual studio 2013\projects\apprise_cuda_parse\stringanylizergui\x64\debug\cudaparse.tlog\cl.write.1.tlog
c:\users\gary\documents\visual studio 2013\projects\apprise_cuda_parse\stringanylizergui\x64\debug\cudaparse.tlog\cudaparse.write.1u.tlog
c:\users\gary\documents\visual studio 2013\projects\apprise_cuda_parse\stringanylizergui\x64\debug\cudaparse.tlog\link.command.1.tlog
c:\users\gary\documents\visual studio 2013\projects\apprise_cuda_parse\stringanylizergui\x64\debug\cudaparse.tlog\link.read.1.tlog
c:\users\gary\documents\visual studio 2013\projects\apprise_cuda_parse\stringanylizergui\x64\debug\cudaparse.tlog\link.write.1.tlog
c:\users\gary\documents\visual studio 2013\projects\apprise_cuda_parse\stringanylizergui\x64\debug\cudaparse.tlog\metagen.read.1.tlog
c:\users\gary\documents\visual studio 2013\projects\apprise_cuda_parse\stringanylizergui\x64\debug\cudaparse.tlog\metagen.write.1.tlog
c:\users\gary\documents\visual studio 2013\projects\apprise_cuda_parse\stringanylizergui\x64\debug\cudaparse.tlog\rc.command.1.tlog
c:\users\gary\documents\visual studio 2013\projects\apprise_cuda_parse\stringanylizergui\x64\debug\cudaparse.tlog\rc.read.1.tlog
c:\users\gary\documents\visual studio 2013\projects\apprise_cuda_parse\stringanylizergui\x64\debug\cudaparse.tlog\rc.write.1.tlog
c:\users\gary\documents\visual studio 2013\projects\apprise_cuda_parse\stringanylizergui\x64\debug\cudaparse.tlog\tzres.dll.bi
