Build started 6/20/2017 6:53:32 PM.
     1>Project "C:\Users\Gary\Documents\Visual Studio 2013\Projects\Apprise_CUDA_Parse\StringAnylizerGUI\StringAnylizerGUI.vcxproj" on node 2 (Rebuild target(s)).
     1>CudaClean:
         cmd.exe /C "C:\Users\Gary\AppData\Local\Temp\tmpf695abdffd3d46178f4989c931e7a110.cmd"
         "C:\Program Files\NVIDIA GPU Computing Toolkit\CUDA\v7.5\bin\nvcc.exe" -ccbin "C:\Program Files (x86)\Microsoft Visual Studio 12.0\VC\bin\x86_amd64"  -I"C:\Program Files\NVIDIA GPU Computing Toolkit\CUDA\v7.5\include" -I"C:\Program Files\NVIDIA GPU Computing Toolkit\CUDA\v7.5\include"     --keep-dir x64\Debug -maxrregcount=0  --machine 64 --compile   -g   -DWIN32 -D_DEBUG -D_UNICODE -DUNICODE -Xcompiler "/EHsc /W3 /nologo /Od /Zi  /MDd " -o x64\Debug\kernel.cu.obj "C:\Users\Gary\Documents\Visual Studio 2013\Projects\Apprise_CUDA_Parse\StringAnylizerGUI\kernel.cu" -clean
         
         C:\Users\Gary\Documents\Visual Studio 2013\Projects\Apprise_CUDA_Parse\StringAnylizerGUI>"C:\Program Files\NVIDIA GPU Computing Toolkit\CUDA\v7.5\bin\nvcc.exe" -ccbin "C:\Program Files (x86)\Microsoft Visual Studio 12.0\VC\bin\x86_amd64"  -I"C:\Program Files\NVIDIA GPU Computing Toolkit\CUDA\v7.5\include" -I"C:\Program Files\NVIDIA GPU Computing Toolkit\CUDA\v7.5\include"     --keep-dir x64\Debug -maxrregcount=0  --machine 64 --compile   -g   -DWIN32 -D_DEBUG -D_UNICODE -DUNICODE -Xcompiler "/EHsc /W3 /nologo /Od /Zi  /MDd " -o x64\Debug\kernel.cu.obj "C:\Users\Gary\Documents\Visual Studio 2013\Projects\Apprise_CUDA_Parse\StringAnylizerGUI\kernel.cu" -clean 
         kernel.cu
     1>C:\Program Files (x86)\MSBuild\12.0\bin\Microsoft.Common.CurrentVersion.targets(1697,5): warning MSB3245: Could not resolve this reference. Could not locate the assembly "DevExpress.Data.v15.2". Check to make sure the assembly exists on disk. If this reference is required by your code, you may get compilation errors.
     1>C:\Program Files (x86)\MSBuild\12.0\bin\Microsoft.Common.CurrentVersion.targets(1697,5): warning MSB3245: Could not resolve this reference. Could not locate the assembly "DevExpress.Printing.v15.2.Core". Check to make sure the assembly exists on disk. If this reference is required by your code, you may get compilation errors.
     1>C:\Program Files (x86)\MSBuild\12.0\bin\Microsoft.Common.CurrentVersion.targets(1697,5): warning MSB3245: Could not resolve this reference. Could not locate the assembly "DevExpress.Utils.v15.2". Check to make sure the assembly exists on disk. If this reference is required by your code, you may get compilation errors.
     1>C:\Program Files (x86)\MSBuild\12.0\bin\Microsoft.Common.CurrentVersion.targets(1697,5): warning MSB3245: Could not resolve this reference. Could not locate the assembly "DevExpress.XtraEditors.v15.2". Check to make sure the assembly exists on disk. If this reference is required by your code, you may get compilation errors.
     1>C:\Program Files (x86)\MSBuild\12.0\bin\Microsoft.Common.CurrentVersion.targets(1697,5): warning MSB3245: Could not resolve this reference. Could not locate the assembly "DevExpress.XtraLayout.v15.2". Check to make sure the assembly exists on disk. If this reference is required by your code, you may get compilation errors.
     1>C:\Program Files (x86)\MSBuild\12.0\bin\Microsoft.Common.CurrentVersion.targets(1697,5): warning MSB3245: Could not resolve this reference. Could not locate the assembly "DevExpress.XtraTreeList.v15.2". Check to make sure the assembly exists on disk. If this reference is required by your code, you may get compilation errors.
       AddCudaCompileDeps:
         C:\Program Files (x86)\Microsoft Visual Studio 12.0\VC\bin\x86_amd64\cl.exe /E /nologo /showIncludes /TP /D__CUDACC__ /DWIN32 /D_DEBUG /D_UNICODE /DUNICODE /I"C:\Program Files\NVIDIA GPU Computing Toolkit\CUDA\v7.5\include" /I"C:\Program Files\NVIDIA GPU Computing Toolkit\CUDA\v7.5\bin" /I"C:\Program Files\NVIDIA GPU Computing Toolkit\CUDA\v7.5\include" /I. /FIcuda_runtime.h /c "C:\Users\Gary\Documents\Visual Studio 2013\Projects\Apprise_CUDA_Parse\StringAnylizerGUI\kernel.cu" 
       CudaBuild:
         Compiling CUDA source file kernel.cu...
         cmd.exe /C "C:\Users\Gary\AppData\Local\Temp\tmp0deb7b83fb3b4b8f88c3a9be1c868c52.cmd"
         "C:\Program Files\NVIDIA GPU Computing Toolkit\CUDA\v7.5\bin\nvcc.exe" -gencode=arch=compute_20,code=\"sm_20,compute_20\" --use-local-env --cl-version 2013 -ccbin "C:\Program Files (x86)\Microsoft Visual Studio 12.0\VC\bin\x86_amd64"  -I"C:\Program Files\NVIDIA GPU Computing Toolkit\CUDA\v7.5\include" -I"C:\Program Files\NVIDIA GPU Computing Toolkit\CUDA\v7.5\include"     --keep-dir x64\Debug -maxrregcount=0  --machine 64 --compile -cudart static  -g   -DWIN32 -D_DEBUG -D_UNICODE -DUNICODE -Xcompiler "/EHsc /W3 /nologo /Od /Zi  /MDd " -o x64\Debug\kernel.cu.obj "C:\Users\Gary\Documents\Visual Studio 2013\Projects\Apprise_CUDA_Parse\StringAnylizerGUI\kernel.cu"
         
         C:\Users\Gary\Documents\Visual Studio 2013\Projects\Apprise_CUDA_Parse\StringAnylizerGUI>"C:\Program Files\NVIDIA GPU Computing Toolkit\CUDA\v7.5\bin\nvcc.exe" -gencode=arch=compute_20,code=\"sm_20,compute_20\" --use-local-env --cl-version 2013 -ccbin "C:\Program Files (x86)\Microsoft Visual Studio 12.0\VC\bin\x86_amd64"  -I"C:\Program Files\NVIDIA GPU Computing Toolkit\CUDA\v7.5\include" -I"C:\Program Files\NVIDIA GPU Computing Toolkit\CUDA\v7.5\include"     --keep-dir x64\Debug -maxrregcount=0  --machine 64 --compile -cudart static  -g   -DWIN32 -D_DEBUG -D_UNICODE -DUNICODE -Xcompiler "/EHsc /W3 /nologo /Od /Zi  /MDd " -o x64\Debug\kernel.cu.obj "C:\Users\Gary\Documents\Visual Studio 2013\Projects\Apprise_CUDA_Parse\StringAnylizerGUI\kernel.cu" 
     1>C:/Users/Gary/Documents/Visual Studio 2013/Projects/Apprise_CUDA_Parse/StringAnylizerGUI/kernel.cu(1853): warning : subscript out of range
     1>C:/Users/Gary/Documents/Visual Studio 2013/Projects/Apprise_CUDA_Parse/StringAnylizerGUI/kernel.cu(1853): warning : subscript out of range
     1>C:/Users/Gary/Documents/Visual Studio 2013/Projects/Apprise_CUDA_Parse/StringAnylizerGUI/kernel.cu(1854): warning : subscript out of range
     1>C:/Users/Gary/Documents/Visual Studio 2013/Projects/Apprise_CUDA_Parse/StringAnylizerGUI/kernel.cu(1854): warning : subscript out of range
     1>C:/Users/Gary/Documents/Visual Studio 2013/Projects/Apprise_CUDA_Parse/StringAnylizerGUI/kernel.cu(1857): warning : subscript out of range
     1>C:/Users/Gary/Documents/Visual Studio 2013/Projects/Apprise_CUDA_Parse/StringAnylizerGUI/kernel.cu(1857): warning : subscript out of range
     1>C:/Users/Gary/Documents/Visual Studio 2013/Projects/Apprise_CUDA_Parse/StringAnylizerGUI/kernel.cu(1046): warning : variable "correctStart" was declared but never referenced
     1>C:\Program Files\boost_1_55_0\boost/concept_check.hpp(974): warning : variable "mpl_assertion_in_line_11" was declared but never referenced
     1>C:\Program Files\boost_1_55_0\boost/concept_check.hpp(987): warning : variable "mpl_assertion_in_line_12" was declared but never referenced
     1>C:/Users/Gary/Documents/Visual Studio 2013/Projects/Apprise_CUDA_Parse/StringAnylizerGUI/kernel.cu(1853): warning : subscript out of range
     1>C:/Users/Gary/Documents/Visual Studio 2013/Projects/Apprise_CUDA_Parse/StringAnylizerGUI/kernel.cu(1853): warning : subscript out of range
     1>C:/Users/Gary/Documents/Visual Studio 2013/Projects/Apprise_CUDA_Parse/StringAnylizerGUI/kernel.cu(1854): warning : subscript out of range
     1>C:/Users/Gary/Documents/Visual Studio 2013/Projects/Apprise_CUDA_Parse/StringAnylizerGUI/kernel.cu(1854): warning : subscript out of range
     1>C:/Users/Gary/Documents/Visual Studio 2013/Projects/Apprise_CUDA_Parse/StringAnylizerGUI/kernel.cu(1857): warning : subscript out of range
     1>C:/Users/Gary/Documents/Visual Studio 2013/Projects/Apprise_CUDA_Parse/StringAnylizerGUI/kernel.cu(1857): warning : subscript out of range
     1>C:/Users/Gary/Documents/Visual Studio 2013/Projects/Apprise_CUDA_Parse/StringAnylizerGUI/kernel.cu(1046): warning : variable "correctStart" was declared but never referenced
         kernel.cu
     1>C:/Users/Gary/Documents/Visual Studio 2013/Projects/Apprise_CUDA_Parse/StringAnylizerGUI/kernel.cu(328): warning C4267: '=' : conversion from 'size_t' to 'int', possible loss of data
     1>C:/Users/Gary/Documents/Visual Studio 2013/Projects/Apprise_CUDA_Parse/StringAnylizerGUI/kernel.cu(331): warning C4267: '=' : conversion from 'size_t' to 'int', possible loss of data
     1>C:/Users/Gary/Documents/Visual Studio 2013/Projects/Apprise_CUDA_Parse/StringAnylizerGUI/kernel.cu(332): warning C4267: '=' : conversion from 'size_t' to 'int', possible loss of data
     1>C:/Users/Gary/Documents/Visual Studio 2013/Projects/Apprise_CUDA_Parse/StringAnylizerGUI/kernel.cu(333): warning C4267: '=' : conversion from 'size_t' to 'int', possible loss of data
     1>C:/Users/Gary/Documents/Visual Studio 2013/Projects/Apprise_CUDA_Parse/StringAnylizerGUI/kernel.cu(334): warning C4267: '=' : conversion from 'size_t' to 'int', possible loss of data
     1>C:/Users/Gary/Documents/Visual Studio 2013/Projects/Apprise_CUDA_Parse/StringAnylizerGUI/kernel.cu(335): warning C4267: '=' : conversion from 'size_t' to 'int', possible loss of data
     1>C:/Users/Gary/Documents/Visual Studio 2013/Projects/Apprise_CUDA_Parse/StringAnylizerGUI/kernel.cu(336): warning C4267: '=' : conversion from 'size_t' to 'int', possible loss of data
     1>C:/Users/Gary/Documents/Visual Studio 2013/Projects/Apprise_CUDA_Parse/StringAnylizerGUI/kernel.cu(340): warning C4267: '=' : conversion from 'size_t' to 'int', possible loss of data
     1>C:/Users/Gary/Documents/Visual Studio 2013/Projects/Apprise_CUDA_Parse/StringAnylizerGUI/kernel.cu(343): warning C4267: '=' : conversion from 'size_t' to 'int', possible loss of data
     1>C:/Users/Gary/Documents/Visual Studio 2013/Projects/Apprise_CUDA_Parse/StringAnylizerGUI/kernel.cu(491): warning C4267: 'initializing' : conversion from 'size_t' to 'int', possible loss of data
     1>C:/Users/Gary/Documents/Visual Studio 2013/Projects/Apprise_CUDA_Parse/StringAnylizerGUI/kernel.cu(505): warning C4267: 'initializing' : conversion from 'size_t' to 'int', possible loss of data
     1>C:/Users/Gary/Documents/Visual Studio 2013/Projects/Apprise_CUDA_Parse/StringAnylizerGUI/kernel.cu(521): warning C4267: 'initializing' : conversion from 'size_t' to 'int', possible loss of data
     1>C:/Users/Gary/Documents/Visual Studio 2013/Projects/Apprise_CUDA_Parse/StringAnylizerGUI/kernel.cu(528): warning C4267: 'initializing' : conversion from 'size_t' to 'int', possible loss of data
     1>C:/Users/Gary/Documents/Visual Studio 2013/Projects/Apprise_CUDA_Parse/StringAnylizerGUI/kernel.cu(567): warning C4267: 'initializing' : conversion from 'size_t' to 'int', possible loss of data
     1>C:/Users/Gary/Documents/Visual Studio 2013/Projects/Apprise_CUDA_Parse/StringAnylizerGUI/kernel.cu(632): warning C4267: '=' : conversion from 'size_t' to 'int', possible loss of data
     1>C:/Users/Gary/Documents/Visual Studio 2013/Projects/Apprise_CUDA_Parse/StringAnylizerGUI/kernel.cu(724): warning C4267: '=' : conversion from 'size_t' to 'int', possible loss of data
     1>C:/Users/Gary/Documents/Visual Studio 2013/Projects/Apprise_CUDA_Parse/StringAnylizerGUI/kernel.cu(730): warning C4267: '=' : conversion from 'size_t' to 'int', possible loss of data
     1>C:/Users/Gary/Documents/Visual Studio 2013/Projects/Apprise_CUDA_Parse/StringAnylizerGUI/kernel.cu(736): warning C4267: '=' : conversion from 'size_t' to 'int', possible loss of data
     1>C:/Users/Gary/Documents/Visual Studio 2013/Projects/Apprise_CUDA_Parse/StringAnylizerGUI/kernel.cu(743): warning C4267: '=' : conversion from 'size_t' to 'int', possible loss of data
     1>C:/Users/Gary/Documents/Visual Studio 2013/Projects/Apprise_CUDA_Parse/StringAnylizerGUI/kernel.cu(748): warning C4267: '=' : conversion from 'size_t' to 'int', possible loss of data
     1>C:/Users/Gary/Documents/Visual Studio 2013/Projects/Apprise_CUDA_Parse/StringAnylizerGUI/kernel.cu(760): warning C4267: '=' : conversion from 'size_t' to 'int', possible loss of data
     1>C:/Users/Gary/Documents/Visual Studio 2013/Projects/Apprise_CUDA_Parse/StringAnylizerGUI/kernel.cu(771): warning C4267: 'initializing' : conversion from 'size_t' to 'int', possible loss of data
     1>C:/Users/Gary/Documents/Visual Studio 2013/Projects/Apprise_CUDA_Parse/StringAnylizerGUI/kernel.cu(772): warning C4267: 'initializing' : conversion from 'size_t' to 'int', possible loss of data
     1>C:/Users/Gary/Documents/Visual Studio 2013/Projects/Apprise_CUDA_Parse/StringAnylizerGUI/kernel.cu(775): warning C4267: 'initializing' : conversion from 'size_t' to 'int', possible loss of data
     1>C:/Users/Gary/Documents/Visual Studio 2013/Projects/Apprise_CUDA_Parse/StringAnylizerGUI/kernel.cu(776): warning C4267: 'initializing' : conversion from 'size_t' to 'int', possible loss of data
     1>C:/Users/Gary/Documents/Visual Studio 2013/Projects/Apprise_CUDA_Parse/StringAnylizerGUI/kernel.cu(777): warning C4267: 'initializing' : conversion from 'size_t' to 'int', possible loss of data
     1>C:/Users/Gary/Documents/Visual Studio 2013/Projects/Apprise_CUDA_Parse/StringAnylizerGUI/kernel.cu(853): warning C4267: 'initializing' : conversion from 'size_t' to 'int', possible loss of data
     1>C:/Users/Gary/Documents/Visual Studio 2013/Projects/Apprise_CUDA_Parse/StringAnylizerGUI/kernel.cu(855): warning C4267: '=' : conversion from 'size_t' to 'int', possible loss of data
     1>C:/Users/Gary/Documents/Visual Studio 2013/Projects/Apprise_CUDA_Parse/StringAnylizerGUI/kernel.cu(873): warning C4267: '=' : conversion from 'size_t' to 'int', possible loss of data
     1>C:/Users/Gary/Documents/Visual Studio 2013/Projects/Apprise_CUDA_Parse/StringAnylizerGUI/kernel.cu(979): warning C4267: 'initializing' : conversion from 'size_t' to 'int', possible loss of data
       ClCompile:
         C:\Program Files (x86)\Microsoft Visual Studio 12.0\VC\bin\x86_amd64\CL.exe /c /I"C:\Program Files\NVIDIA GPU Computing Toolkit\CUDA\v7.5\include" /AI"C:\Program Files (x86)\Reference Assemblies\Microsoft\Framework\.NETFramework\v4.5\\" /AI"C:\Program Files (x86)\Windows Kits\8.1\References\CommonConfiguration\Neutral" /AI"C:\Program Files (x86)\Reference Assemblies\Microsoft\Framework\.NETFramework\v4.5\Facades\\" /Zi /clr /nologo /W3 /WX- /Od /D WIN32 /D _DEBUG /D _UNICODE /D UNICODE /EHa /MDd /GS /fp:precise /Zc:wchar_t /Zc:forScope /Yc"stdafx.h" /Fp"x64\Debug\CudaParse.pch" /Fo"x64\Debug\\" /Fd"x64\Debug\vc120.pdb" /TP /FU"C:\Program Files (x86)\Reference Assemblies\Microsoft\Framework\.NETFramework\v4.5\mscorlib.dll" /FU"C:\Program Files (x86)\Reference Assemblies\Microsoft\Framework\.NETFramework\v4.5\PresentationCore.dll" /FU"C:\Program Files (x86)\Reference Assemblies\Microsoft\Framework\.NETFramework\v4.5\System.ComponentModel.DataAnnotations.dll" /FU"C:\Program Files (x86)\Reference Assemblies\Microsoft\Framework\.NETFramework\v4.5\System.Core.dll" /FU"C:\Program Files (x86)\Reference Assemblies\Microsoft\Framework\.NETFramework\v4.5\System.Data.dll" /FU"C:\Program Files (x86)\Reference Assemblies\Microsoft\Framework\.NETFramework\v4.5\System.DirectoryServices.dll" /FU"C:\Program Files (x86)\Reference Assemblies\Microsoft\Framework\.NETFramework\v4.5\System.dll" /FU"C:\Program Files (x86)\Reference Assemblies\Microsoft\Framework\.NETFramework\v4.5\System.Drawing.dll" /FU"C:\Program Files (x86)\Reference Assemblies\Microsoft\Framework\.NETFramework\v4.5\System.Runtime.Remoting.dll" /FU"C:\Program Files (x86)\Reference Assemblies\Microsoft\Framework\.NETFramework\v4.5\System.Windows.Forms.dll" /FU"C:\Program Files (x86)\Reference Assemblies\Microsoft\Framework\.NETFramework\v4.5\System.Xml.dll" /FU"C:\Program Files (x86)\Reference Assemblies\Microsoft\Framework\.NETFramework\v4.5\UIAutomationClient.dll" /FU"C:\Program Files (x86)\Reference Assemblies\Microsoft\Framework\.NETFramework\v4.5\WindowsBase.dll" /errorReport:prompt /clr:nostdlib stdafx.cpp
         stdafx.cpp
         C:\Program Files (x86)\Microsoft Visual Studio 12.0\VC\bin\x86_amd64\CL.exe /c /I"C:\Program Files\NVIDIA GPU Computing Toolkit\CUDA\v7.5\include" /AI"C:\Program Files (x86)\Reference Assemblies\Microsoft\Framework\.NETFramework\v4.5\\" /AI"C:\Program Files (x86)\Windows Kits\8.1\References\CommonConfiguration\Neutral" /AI"C:\Program Files (x86)\Reference Assemblies\Microsoft\Framework\.NETFramework\v4.5\Facades\\" /Zi /clr /nologo /W3 /WX- /Od /D WIN32 /D _DEBUG /D _UNICODE /D UNICODE /EHa /MDd /GS /fp:precise /Zc:wchar_t /Zc:forScope /Yu"stdafx.h" /Fp"x64\Debug\CudaParse.pch" /Fo"x64\Debug\\" /Fd"x64\Debug\vc120.pdb" /TP /FU"C:\Program Files (x86)\Reference Assemblies\Microsoft\Framework\.NETFramework\v4.5\mscorlib.dll" /FU"C:\Program Files (x86)\Reference Assemblies\Microsoft\Framework\.NETFramework\v4.5\PresentationCore.dll" /FU"C:\Program Files (x86)\Reference Assemblies\Microsoft\Framework\.NETFramework\v4.5\System.ComponentModel.DataAnnotations.dll" /FU"C:\Program Files (x86)\Reference Assemblies\Microsoft\Framework\.NETFramework\v4.5\System.Core.dll" /FU"C:\Program Files (x86)\Reference Assemblies\Microsoft\Framework\.NETFramework\v4.5\System.Data.dll" /FU"C:\Program Files (x86)\Reference Assemblies\Microsoft\Framework\.NETFramework\v4.5\System.DirectoryServices.dll" /FU"C:\Program Files (x86)\Reference Assemblies\Microsoft\Framework\.NETFramework\v4.5\System.dll" /FU"C:\Program Files (x86)\Reference Assemblies\Microsoft\Framework\.NETFramework\v4.5\System.Drawing.dll" /FU"C:\Program Files (x86)\Reference Assemblies\Microsoft\Framework\.NETFramework\v4.5\System.Runtime.Remoting.dll" /FU"C:\Program Files (x86)\Reference Assemblies\Microsoft\Framework\.NETFramework\v4.5\System.Windows.Forms.dll" /FU"C:\Program Files (x86)\Reference Assemblies\Microsoft\Framework\.NETFramework\v4.5\System.Xml.dll" /FU"C:\Program Files (x86)\Reference Assemblies\Microsoft\Framework\.NETFramework\v4.5\UIAutomationClient.dll" /FU"C:\Program Files (x86)\Reference Assemblies\Microsoft\Framework\.NETFramework\v4.5\WindowsBase.dll" /errorReport:prompt /clr:nostdlib AssemblyInfo.cpp CUDAParse.cpp
         AssemblyInfo.cpp
     1>AssemblyInfo.cpp(40): warning C4947: 'RequestMinimum' : marked as obsolete
                 Message: 'Assembly level declarative security is obsolete and is no longer enforced by the CLR by default. See http://go.microsoft.com/fwlink/?LinkID=155570 for more information.'
         CUDAParse.cpp
     1>c:\users\gary\documents\visual studio 2013\projects\apprise_cuda_parse\stringanylizergui\Form1.h(41): warning C4677: 'mainClass': signature of non-private member contains assembly private type 'MyMainClass'
                 c:\users\gary\documents\visual studio 2013\projects\apprise_cuda_parse\stringanylizergui\MyMainClass.h(9) : see declaration of 'MyMainClass'
     1>c:\users\gary\documents\visual studio 2013\projects\apprise_cuda_parse\stringanylizergui\Form1.h(660): warning C4965: implicit box of integer 0; use nullptr or explicit cast
     1>c:\users\gary\documents\visual studio 2013\projects\apprise_cuda_parse\stringanylizergui\Form1.h(632): warning C4101: 'e' : unreferenced local variable
     1>c:\users\gary\documents\visual studio 2013\projects\apprise_cuda_parse\stringanylizergui\Form1.h(839): warning C4101: 'whereAt' : unreferenced local variable
         Generating Code...
         C:\Program Files (x86)\Microsoft Visual Studio 12.0\VC\bin\x86_amd64\CL.exe /c /I"C:\Program Files\NVIDIA GPU Computing Toolkit\CUDA\v7.5\include" /AI"C:\Program Files (x86)\Reference Assemblies\Microsoft\Framework\.NETFramework\v4.5\\" /AI"C:\Program Files (x86)\Windows Kits\8.1\References\CommonConfiguration\Neutral" /AI"C:\Program Files (x86)\Reference Assemblies\Microsoft\Framework\.NETFramework\v4.5\Facades\\" /Zi /clr /nologo /W3 /WX- /Od /D _DEBUG /D WIN32 /D _DEBUG /D _UNICODE /D UNICODE /EHa /MDd /GS /fp:precise /Zc:wchar_t /Zc:forScope /Yu"stdafx.h" /Fp"x64\Debug\CudaParse.pch" /Fo"x64\Debug\\" /Fd"x64\Debug\vc120.pdb" /TP /FU"C:\Program Files (x86)\Reference Assemblies\Microsoft\Framework\.NETFramework\v4.5\mscorlib.dll" /FU"C:\Program Files (x86)\Reference Assemblies\Microsoft\Framework\.NETFramework\v4.5\PresentationCore.dll" /FU"C:\Program Files (x86)\Reference Assemblies\Microsoft\Framework\.NETFramework\v4.5\System.ComponentModel.DataAnnotations.dll" /FU"C:\Program Files (x86)\Reference Assemblies\Microsoft\Framework\.NETFramework\v4.5\System.Core.dll" /FU"C:\Program Files (x86)\Reference Assemblies\Microsoft\Framework\.NETFramework\v4.5\System.Data.dll" /FU"C:\Program Files (x86)\Reference Assemblies\Microsoft\Framework\.NETFramework\v4.5\System.DirectoryServices.dll" /FU"C:\Program Files (x86)\Reference Assemblies\Microsoft\Framework\.NETFramework\v4.5\System.dll" /FU"C:\Program Files (x86)\Reference Assemblies\Microsoft\Framework\.NETFramework\v4.5\System.Drawing.dll" /FU"C:\Program Files (x86)\Reference Assemblies\Microsoft\Framework\.NETFramework\v4.5\System.Runtime.Remoting.dll" /FU"C:\Program Files (x86)\Reference Assemblies\Microsoft\Framework\.NETFramework\v4.5\System.Windows.Forms.dll" /FU"C:\Program Files (x86)\Reference Assemblies\Microsoft\Framework\.NETFramework\v4.5\System.Xml.dll" /FU"C:\Program Files (x86)\Reference Assemblies\Microsoft\Framework\.NETFramework\v4.5\UIAutomationClient.dll" /FU"C:\Program Files (x86)\Reference Assemblies\Microsoft\Framework\.NETFramework\v4.5\WindowsBase.dll" /errorReport:prompt /clr:nostdlib MyMainClass.cpp
         MyMainClass.cpp
     1>c:\users\gary\documents\visual studio 2013\projects\apprise_cuda_parse\stringanylizergui\form1.h(41): warning C4677: 'mainClass': signature of non-private member contains assembly private type 'MyMainClass'
                 c:\users\gary\documents\visual studio 2013\projects\apprise_cuda_parse\stringanylizergui\MyMainClass.h(9) : see declaration of 'MyMainClass'
     1>c:\users\gary\documents\visual studio 2013\projects\apprise_cuda_parse\stringanylizergui\form1.h(660): warning C4965: implicit box of integer 0; use nullptr or explicit cast
     1>c:\users\gary\documents\visual studio 2013\projects\apprise_cuda_parse\stringanylizergui\form1.h(632): warning C4101: 'e' : unreferenced local variable
     1>c:\users\gary\documents\visual studio 2013\projects\apprise_cuda_parse\stringanylizergui\form1.h(839): warning C4101: 'whereAt' : unreferenced local variable
     1>MyMainClass.cpp(164): warning C4267: 'initializing' : conversion from 'size_t' to 'int', possible loss of data
     1>MyMainClass.cpp(173): warning C4267: 'initializing' : conversion from 'size_t' to 'int', possible loss of data
     1>MyMainClass.cpp(260): warning C4244: 'initializing' : conversion from '__int64' to 'int', possible loss of data
     1>MyMainClass.cpp(319): warning C4244: 'initializing' : conversion from '__int64' to 'int', possible loss of data
     1>MyMainClass.cpp(380): warning C4244: 'initializing' : conversion from '__int64' to 'int', possible loss of data
     1>MyMainClass.cpp(389): warning C4244: 'initializing' : conversion from '__int64' to 'int', possible loss of data
     1>MyMainClass.cpp(409): warning C4267: '=' : conversion from 'size_t' to 'int', possible loss of data
     1>MyMainClass.cpp(416): warning C4267: '=' : conversion from 'size_t' to 'int', possible loss of data
     1>MyMainClass.cpp(457): warning C4244: 'initializing' : conversion from '__int64' to 'int', possible loss of data
     1>MyMainClass.cpp(478): warning C4244: 'initializing' : conversion from '__int64' to 'int', possible loss of data
     1>MyMainClass.cpp(513): warning C4267: 'initializing' : conversion from 'size_t' to 'int', possible loss of data
     1>MyMainClass.cpp(657): warning C4267: 'initializing' : conversion from 'size_t' to 'int', possible loss of data
     1>MyMainClass.cpp(546): warning C4101: 'e' : unreferenced local variable
     1>MyMainClass.cpp(554): warning C4101: 'e' : unreferenced local variable
     1>MyMainClass.cpp(569): warning C4101: 'e' : unreferenced local variable
     1>MyMainClass.cpp(581): warning C4101: 'e' : unreferenced local variable
     1>MyMainClass.cpp(684): warning C4267: 'initializing' : conversion from 'size_t' to 'int', possible loss of data
     1>MyMainClass.cpp(707): warning C4267: '=' : conversion from 'size_t' to 'int', possible loss of data
     1>MyMainClass.cpp(701): warning C4101: 'e' : unreferenced local variable
         C:\Program Files (x86)\Microsoft Visual Studio 12.0\VC\bin\x86_amd64\CL.exe /c /I"C:\Program Files\NVIDIA GPU Computing Toolkit\CUDA\v7.5\include" /Zi /clr /nologo /W3 /WX- /Od /D WIN32 /D _DEBUG /D _UNICODE /D UNICODE /EHa /MDd /GS /fp:precise /Zc:wchar_t /Zc:forScope /Fo"x64\Debug\\" /Fd"x64\Debug\vc120.pdb" /TP /errorReport:prompt "C:\Users\Gary\AppData\Local\Temp\.NETFramework,Version=v4.5.AssemblyAttributes.cpp"
         .NETFramework,Version=v4.5.AssemblyAttributes.cpp
       ResourceCompile:
         C:\Program Files (x86)\Windows Kits\8.1\bin\x86\rc.exe /D _UNICODE /D UNICODE /l"0x0409" /nologo /fo"x64\Debug\app.res" app.rc 
       Link:
         C:\Program Files (x86)\Microsoft Visual Studio 12.0\VC\bin\x86_amd64\link.exe /ERRORREPORT:PROMPT /OUT:"C:\Users\Gary\Documents\Visual Studio 2013\Projects\Apprise_CUDA_Parse\x64\Debug\CudaParse.exe" /INCREMENTAL:NO /NOLOGO /LIBPATH:"C:\Program Files\NVIDIA GPU Computing Toolkit\CUDA\v7.5\lib\x64" cudart.lib kernel32.lib user32.lib gdi32.lib winspool.lib comdlg32.lib advapi32.lib shell32.lib ole32.lib oleaut32.lib uuid.lib odbc32.lib odbccp32.lib /ASSEMBLYRESOURCE:x64\Debug\StringAnylizerGUI.Form1.resources /MANIFEST /MANIFESTUAC:"level='asInvoker' uiAccess='false'" /manifest:embed /DEBUG /PDB:"C:\Users\Gary\Documents\Visual Studio 2013\Projects\Apprise_CUDA_Parse\x64\Debug\CudaParse.pdb" /ASSEMBLYDEBUG /TLBID:1 /DYNAMICBASE /FIXED:NO /NXCOMPAT /MACHINE:X64 x64\Debug\kernel.cu.obj
         x64\Debug\app.res
         x64\Debug\AssemblyInfo.obj
         x64\Debug\MyMainClass.obj
         x64\Debug\stdafx.obj
         x64\Debug\CUDAParse.obj
         "x64\Debug\.NETFramework,Version=v4.5.AssemblyAttributes.obj"
         StringAnylizerGUI.vcxproj -> C:\Users\Gary\Documents\Visual Studio 2013\Projects\Apprise_CUDA_Parse\x64\Debug\CudaParse.exe
     1>Done Building Project "C:\Users\Gary\Documents\Visual Studio 2013\Projects\Apprise_CUDA_Parse\StringAnylizerGUI\StringAnylizerGUI.vcxproj" (Rebuild target(s)).

Build succeeded.

Time Elapsed 00:00:20.36
