The system is: Linux - 3.10.0-957.5.1.el7.x86_64 - x86_64
Compiling the CXX compiler identification source file "CMakeCXXCompilerId.cpp" succeeded.
Compiler: /sc1/apps/spack/v0.1.1/opt/spack/linux-centos7-x86_64/gcc-4.8.5/gcc-5.4.0-mqlhbvmx6lar5z6rmmf5hrqme2ogbu4v/bin/c++ 
Build flags: 
Id flags:  

The output was:
0


Compilation of the CXX compiler identification source "CMakeCXXCompilerId.cpp" produced "a.out"

The CXX compiler identification is GNU, found in "/sc1/groups/research/workspace/sri/test/AppriseBioSoftware/Apprise_CUDA_Parse/build/CMakeFiles/3.9.4/CompilerIdCXX/a.out"

Determining if the CXX compiler works passed with the following output:
Change Dir: /sc1/groups/research/workspace/sri/test/AppriseBioSoftware/Apprise_CUDA_Parse/build/CMakeFiles/CMakeTmp

Run Build Command:"/usr/bin/gmake" "cmTC_2701b/fast"
/usr/bin/gmake -f CMakeFiles/cmTC_2701b.dir/build.make CMakeFiles/cmTC_2701b.dir/build
gmake[1]: Entering directory `/sc1/groups/research/workspace/sri/test/AppriseBioSoftware/Apprise_CUDA_Parse/build/CMakeFiles/CMakeTmp'
Building CXX object CMakeFiles/cmTC_2701b.dir/testCXXCompiler.cxx.o
/sc1/apps/spack/v0.1.1/opt/spack/linux-centos7-x86_64/gcc-4.8.5/gcc-5.4.0-mqlhbvmx6lar5z6rmmf5hrqme2ogbu4v/bin/c++     -o CMakeFiles/cmTC_2701b.dir/testCXXCompiler.cxx.o -c /sc1/groups/research/workspace/sri/test/AppriseBioSoftware/Apprise_CUDA_Parse/build/CMakeFiles/CMakeTmp/testCXXCompiler.cxx
Linking CXX executable cmTC_2701b
/sc1/groups/research/workspace/sri/test/AppriseBioSoftware/Apprise_CUDA_Parse/cmake-3.9.4-Linux-x86_64/bin/cmake -E cmake_link_script CMakeFiles/cmTC_2701b.dir/link.txt --verbose=1
/sc1/apps/spack/v0.1.1/opt/spack/linux-centos7-x86_64/gcc-4.8.5/gcc-5.4.0-mqlhbvmx6lar5z6rmmf5hrqme2ogbu4v/bin/c++       CMakeFiles/cmTC_2701b.dir/testCXXCompiler.cxx.o  -o cmTC_2701b 
gmake[1]: Leaving directory `/sc1/groups/research/workspace/sri/test/AppriseBioSoftware/Apprise_CUDA_Parse/build/CMakeFiles/CMakeTmp'


Detecting CXX compiler ABI info compiled with the following output:
Change Dir: /sc1/groups/research/workspace/sri/test/AppriseBioSoftware/Apprise_CUDA_Parse/build/CMakeFiles/CMakeTmp

Run Build Command:"/usr/bin/gmake" "cmTC_f16ea/fast"
/usr/bin/gmake -f CMakeFiles/cmTC_f16ea.dir/build.make CMakeFiles/cmTC_f16ea.dir/build
gmake[1]: Entering directory `/sc1/groups/research/workspace/sri/test/AppriseBioSoftware/Apprise_CUDA_Parse/build/CMakeFiles/CMakeTmp'
Building CXX object CMakeFiles/cmTC_f16ea.dir/CMakeCXXCompilerABI.cpp.o
/sc1/apps/spack/v0.1.1/opt/spack/linux-centos7-x86_64/gcc-4.8.5/gcc-5.4.0-mqlhbvmx6lar5z6rmmf5hrqme2ogbu4v/bin/c++     -o CMakeFiles/cmTC_f16ea.dir/CMakeCXXCompilerABI.cpp.o -c /sc1/groups/research/workspace/sri/test/AppriseBioSoftware/Apprise_CUDA_Parse/cmake-3.9.4-Linux-x86_64/share/cmake-3.9/Modules/CMakeCXXCompilerABI.cpp
Linking CXX executable cmTC_f16ea
/sc1/groups/research/workspace/sri/test/AppriseBioSoftware/Apprise_CUDA_Parse/cmake-3.9.4-Linux-x86_64/bin/cmake -E cmake_link_script CMakeFiles/cmTC_f16ea.dir/link.txt --verbose=1
/sc1/apps/spack/v0.1.1/opt/spack/linux-centos7-x86_64/gcc-4.8.5/gcc-5.4.0-mqlhbvmx6lar5z6rmmf5hrqme2ogbu4v/bin/c++      -v CMakeFiles/cmTC_f16ea.dir/CMakeCXXCompilerABI.cpp.o  -o cmTC_f16ea 
Reading specs from /sc1/apps/spack/v0.1.1/opt/spack/linux-centos7-x86_64/gcc-4.8.5/gcc-5.4.0-mqlhbvmx6lar5z6rmmf5hrqme2ogbu4v/lib/gcc/x86_64-unknown-linux-gnu/5.4.0/specs
COLLECT_GCC=/sc1/apps/spack/v0.1.1/opt/spack/linux-centos7-x86_64/gcc-4.8.5/gcc-5.4.0-mqlhbvmx6lar5z6rmmf5hrqme2ogbu4v/bin/c++
COLLECT_LTO_WRAPPER=/sc1/apps/spack/v0.1.1/opt/spack/linux-centos7-x86_64/gcc-4.8.5/gcc-5.4.0-mqlhbvmx6lar5z6rmmf5hrqme2ogbu4v/libexec/gcc/x86_64-unknown-linux-gnu/5.4.0/lto-wrapper
Target: x86_64-unknown-linux-gnu
Configured with: /sc1/apps/spack/v0.1.1/var/spack/stage/gcc-5.4.0-mqlhbvmx6lar5z6rmmf5hrqme2ogbu4v/gcc-5.4.0/configure --prefix=/sc1/apps/spack/v0.1.1/opt/spack/linux-centos7-x86_64/gcc-4.8.5/gcc-5.4.0-mqlhbvmx6lar5z6rmmf5hrqme2ogbu4v --disable-multilib --enable-languages=all --with-mpfr=/sc1/apps/spack/v0.1.1/opt/spack/linux-centos7-x86_64/gcc-4.8.5/mpfr-3.1.5-yisprahw4e7ksk67qrrhjb63u3euvrlf --with-gmp=/sc1/apps/spack/v0.1.1/opt/spack/linux-centos7-x86_64/gcc-4.8.5/gmp-6.1.2-6bsovvkqwx6zscwtbvjj6egrgizbyycm --enable-lto --with-quad --with-sysroot=/ --with-stage1-ldflags='-Wl,-rpath,/sc1/apps/spack/v0.1.1/opt/spack/linux-centos7-x86_64/gcc-4.8.5/gcc-5.4.0-mqlhbvmx6lar5z6rmmf5hrqme2ogbu4v/lib -Wl,-rpath,/sc1/apps/spack/v0.1.1/opt/spack/linux-centos7-x86_64/gcc-4.8.5/gcc-5.4.0-mqlhbvmx6lar5z6rmmf5hrqme2ogbu4v/lib64 -Wl,-rpath,/sc1/apps/spack/v0.1.1/opt/spack/linux-centos7-x86_64/gcc-4.8.5/mpc-1.0.3-umgid46twpczw3hnlkz3jgond32zf33l/lib -Wl,-rpath,/sc1/apps/spack/v0.1.1/opt/spack/linux-centos7-x86_64/gcc-4.8.5/isl-0.18-l4somr6goh77xpmdb4tey7uwovhds526/lib -Wl,-rpath,/sc1/apps/spack/v0.1.1/opt/spack/linux-centos7-x86_64/gcc-4.8.5/gmp-6.1.2-6bsovvkqwx6zscwtbvjj6egrgizbyycm/lib -Wl,-rpath,/sc1/apps/spack/v0.1.1/opt/spack/linux-centos7-x86_64/gcc-4.8.5/binutils-2.28-66ufycihw5nglnjuy4xf6hqpwrru6bx4/lib -Wl,-rpath,/sc1/apps/spack/v0.1.1/opt/spack/linux-centos7-x86_64/gcc-4.8.5/mpfr-3.1.5-yisprahw4e7ksk67qrrhjb63u3euvrlf/lib -static-libstdc++ -static-libgcc' --with-boot-ldflags='-Wl,-rpath,/sc1/apps/spack/v0.1.1/opt/spack/linux-centos7-x86_64/gcc-4.8.5/gcc-5.4.0-mqlhbvmx6lar5z6rmmf5hrqme2ogbu4v/lib -Wl,-rpath,/sc1/apps/spack/v0.1.1/opt/spack/linux-centos7-x86_64/gcc-4.8.5/gcc-5.4.0-mqlhbvmx6lar5z6rmmf5hrqme2ogbu4v/lib64 -Wl,-rpath,/sc1/apps/spack/v0.1.1/opt/spack/linux-centos7-x86_64/gcc-4.8.5/mpc-1.0.3-umgid46twpczw3hnlkz3jgond32zf33l/lib -Wl,-rpath,/sc1/apps/spack/v0.1.1/opt/spack/linux-centos7-x86_64/gcc-4.8.5/isl-0.18-l4somr6goh77xpmdb4tey7uwovhds526/lib -Wl,-rpath,/sc1/apps/spack/v0.1.1/opt/spack/linux-centos7-x86_64/gcc-4.8.5/gmp-6.1.2-6bsovvkqwx6zscwtbvjj6egrgizbyycm/lib -Wl,-rpath,/sc1/apps/spack/v0.1.1/opt/spack/linux-centos7-x86_64/gcc-4.8.5/binutils-2.28-66ufycihw5nglnjuy4xf6hqpwrru6bx4/lib -Wl,-rpath,/sc1/apps/spack/v0.1.1/opt/spack/linux-centos7-x86_64/gcc-4.8.5/mpfr-3.1.5-yisprahw4e7ksk67qrrhjb63u3euvrlf/lib -static-libstdc++ -static-libgcc' --with-gnu-ld --with-ld=/sc1/apps/spack/v0.1.1/opt/spack/linux-centos7-x86_64/gcc-4.8.5/binutils-2.28-66ufycihw5nglnjuy4xf6hqpwrru6bx4/bin/ld --with-gnu-as --with-as=/sc1/apps/spack/v0.1.1/opt/spack/linux-centos7-x86_64/gcc-4.8.5/binutils-2.28-66ufycihw5nglnjuy4xf6hqpwrru6bx4/bin/as --with-mpc=/sc1/apps/spack/v0.1.1/opt/spack/linux-centos7-x86_64/gcc-4.8.5/mpc-1.0.3-umgid46twpczw3hnlkz3jgond32zf33l --with-isl=/sc1/apps/spack/v0.1.1/opt/spack/linux-centos7-x86_64/gcc-4.8.5/isl-0.18-l4somr6goh77xpmdb4tey7uwovhds526
Thread model: posix
gcc version 5.4.0 (GCC) 
COMPILER_PATH=/sc1/apps/spack/v0.1.1/opt/spack/linux-centos7-x86_64/gcc-4.8.5/gcc-5.4.0-mqlhbvmx6lar5z6rmmf5hrqme2ogbu4v/libexec/gcc/x86_64-unknown-linux-gnu/5.4.0/:/sc1/apps/spack/v0.1.1/opt/spack/linux-centos7-x86_64/gcc-4.8.5/gcc-5.4.0-mqlhbvmx6lar5z6rmmf5hrqme2ogbu4v/libexec/gcc/x86_64-unknown-linux-gnu/5.4.0/:/sc1/apps/spack/v0.1.1/opt/spack/linux-centos7-x86_64/gcc-4.8.5/gcc-5.4.0-mqlhbvmx6lar5z6rmmf5hrqme2ogbu4v/libexec/gcc/x86_64-unknown-linux-gnu/:/sc1/apps/spack/v0.1.1/opt/spack/linux-centos7-x86_64/gcc-4.8.5/gcc-5.4.0-mqlhbvmx6lar5z6rmmf5hrqme2ogbu4v/lib/gcc/x86_64-unknown-linux-gnu/5.4.0/:/sc1/apps/spack/v0.1.1/opt/spack/linux-centos7-x86_64/gcc-4.8.5/gcc-5.4.0-mqlhbvmx6lar5z6rmmf5hrqme2ogbu4v/lib/gcc/x86_64-unknown-linux-gnu/
LIBRARY_PATH=/sc1/apps/spack/v0.1.1/opt/spack/linux-centos7-x86_64/gcc-4.8.5/gcc-5.4.0-mqlhbvmx6lar5z6rmmf5hrqme2ogbu4v/lib/gcc/x86_64-unknown-linux-gnu/5.4.0/:/sc1/apps/spack/v0.1.1/opt/spack/linux-centos7-x86_64/gcc-4.8.5/gcc-5.4.0-mqlhbvmx6lar5z6rmmf5hrqme2ogbu4v/lib/gcc/x86_64-unknown-linux-gnu/5.4.0/../../../../lib64/:/lib/../lib64/:/usr/lib/../lib64/:/sc1/apps/spack/v0.1.1/opt/spack/linux-centos7-x86_64/gcc-4.8.5/gcc-5.4.0-mqlhbvmx6lar5z6rmmf5hrqme2ogbu4v/lib/gcc/x86_64-unknown-linux-gnu/5.4.0/../../../:/lib/:/usr/lib/
COLLECT_GCC_OPTIONS='-v' '-o' 'cmTC_f16ea' '-shared-libgcc' '-mtune=generic' '-march=x86-64'
 /sc1/apps/spack/v0.1.1/opt/spack/linux-centos7-x86_64/gcc-4.8.5/gcc-5.4.0-mqlhbvmx6lar5z6rmmf5hrqme2ogbu4v/libexec/gcc/x86_64-unknown-linux-gnu/5.4.0/collect2 -plugin /sc1/apps/spack/v0.1.1/opt/spack/linux-centos7-x86_64/gcc-4.8.5/gcc-5.4.0-mqlhbvmx6lar5z6rmmf5hrqme2ogbu4v/libexec/gcc/x86_64-unknown-linux-gnu/5.4.0/liblto_plugin.so -plugin-opt=/sc1/apps/spack/v0.1.1/opt/spack/linux-centos7-x86_64/gcc-4.8.5/gcc-5.4.0-mqlhbvmx6lar5z6rmmf5hrqme2ogbu4v/libexec/gcc/x86_64-unknown-linux-gnu/5.4.0/lto-wrapper -plugin-opt=-fresolution=/tmp/cc0kflTB.res -plugin-opt=-pass-through=-lgcc_s -plugin-opt=-pass-through=-lgcc -plugin-opt=-pass-through=-lc -plugin-opt=-pass-through=-lgcc_s -plugin-opt=-pass-through=-lgcc --sysroot=/ -rpath /sc1/apps/spack/v0.1.1/opt/spack/linux-centos7-x86_64/gcc-4.8.5/gcc-5.4.0-mqlhbvmx6lar5z6rmmf5hrqme2ogbu4v/lib:/sc1/apps/spack/v0.1.1/opt/spack/linux-centos7-x86_64/gcc-4.8.5/gcc-5.4.0-mqlhbvmx6lar5z6rmmf5hrqme2ogbu4v/lib64 --eh-frame-hdr -m elf_x86_64 -dynamic-linker /lib64/ld-linux-x86-64.so.2 -o cmTC_f16ea /lib/../lib64/crt1.o /lib/../lib64/crti.o /sc1/apps/spack/v0.1.1/opt/spack/linux-centos7-x86_64/gcc-4.8.5/gcc-5.4.0-mqlhbvmx6lar5z6rmmf5hrqme2ogbu4v/lib/gcc/x86_64-unknown-linux-gnu/5.4.0/crtbegin.o -L/sc1/apps/spack/v0.1.1/opt/spack/linux-centos7-x86_64/gcc-4.8.5/gcc-5.4.0-mqlhbvmx6lar5z6rmmf5hrqme2ogbu4v/lib/gcc/x86_64-unknown-linux-gnu/5.4.0 -L/sc1/apps/spack/v0.1.1/opt/spack/linux-centos7-x86_64/gcc-4.8.5/gcc-5.4.0-mqlhbvmx6lar5z6rmmf5hrqme2ogbu4v/lib/gcc/x86_64-unknown-linux-gnu/5.4.0/../../../../lib64 -L/lib/../lib64 -L/usr/lib/../lib64 -L/sc1/apps/spack/v0.1.1/opt/spack/linux-centos7-x86_64/gcc-4.8.5/gcc-5.4.0-mqlhbvmx6lar5z6rmmf5hrqme2ogbu4v/lib/gcc/x86_64-unknown-linux-gnu/5.4.0/../../.. CMakeFiles/cmTC_f16ea.dir/CMakeCXXCompilerABI.cpp.o -lstdc++ -lm -lgcc_s -lgcc -lc -lgcc_s -lgcc /sc1/apps/spack/v0.1.1/opt/spack/linux-centos7-x86_64/gcc-4.8.5/gcc-5.4.0-mqlhbvmx6lar5z6rmmf5hrqme2ogbu4v/lib/gcc/x86_64-unknown-linux-gnu/5.4.0/crtend.o /lib/../lib64/crtn.o
gmake[1]: Leaving directory `/sc1/groups/research/workspace/sri/test/AppriseBioSoftware/Apprise_CUDA_Parse/build/CMakeFiles/CMakeTmp'


Parsed CXX implicit link information from above output:
  link line regex: [^( *|.*[/\])(ld|CMAKE_LINK_STARTFILE-NOTFOUND|([^/\]+-)?ld|collect2)[^/\]*( |$)]
  ignore line: [Change Dir: /sc1/groups/research/workspace/sri/test/AppriseBioSoftware/Apprise_CUDA_Parse/build/CMakeFiles/CMakeTmp]
  ignore line: []
  ignore line: [Run Build Command:"/usr/bin/gmake" "cmTC_f16ea/fast"]
  ignore line: [/usr/bin/gmake -f CMakeFiles/cmTC_f16ea.dir/build.make CMakeFiles/cmTC_f16ea.dir/build]
  ignore line: [gmake[1]: Entering directory `/sc1/groups/research/workspace/sri/test/AppriseBioSoftware/Apprise_CUDA_Parse/build/CMakeFiles/CMakeTmp']
  ignore line: [Building CXX object CMakeFiles/cmTC_f16ea.dir/CMakeCXXCompilerABI.cpp.o]
  ignore line: [/sc1/apps/spack/v0.1.1/opt/spack/linux-centos7-x86_64/gcc-4.8.5/gcc-5.4.0-mqlhbvmx6lar5z6rmmf5hrqme2ogbu4v/bin/c++     -o CMakeFiles/cmTC_f16ea.dir/CMakeCXXCompilerABI.cpp.o -c /sc1/groups/research/workspace/sri/test/AppriseBioSoftware/Apprise_CUDA_Parse/cmake-3.9.4-Linux-x86_64/share/cmake-3.9/Modules/CMakeCXXCompilerABI.cpp]
  ignore line: [Linking CXX executable cmTC_f16ea]
  ignore line: [/sc1/groups/research/workspace/sri/test/AppriseBioSoftware/Apprise_CUDA_Parse/cmake-3.9.4-Linux-x86_64/bin/cmake -E cmake_link_script CMakeFiles/cmTC_f16ea.dir/link.txt --verbose=1]
  ignore line: [/sc1/apps/spack/v0.1.1/opt/spack/linux-centos7-x86_64/gcc-4.8.5/gcc-5.4.0-mqlhbvmx6lar5z6rmmf5hrqme2ogbu4v/bin/c++      -v CMakeFiles/cmTC_f16ea.dir/CMakeCXXCompilerABI.cpp.o  -o cmTC_f16ea ]
  ignore line: [Reading specs from /sc1/apps/spack/v0.1.1/opt/spack/linux-centos7-x86_64/gcc-4.8.5/gcc-5.4.0-mqlhbvmx6lar5z6rmmf5hrqme2ogbu4v/lib/gcc/x86_64-unknown-linux-gnu/5.4.0/specs]
  ignore line: [COLLECT_GCC=/sc1/apps/spack/v0.1.1/opt/spack/linux-centos7-x86_64/gcc-4.8.5/gcc-5.4.0-mqlhbvmx6lar5z6rmmf5hrqme2ogbu4v/bin/c++]
  ignore line: [COLLECT_LTO_WRAPPER=/sc1/apps/spack/v0.1.1/opt/spack/linux-centos7-x86_64/gcc-4.8.5/gcc-5.4.0-mqlhbvmx6lar5z6rmmf5hrqme2ogbu4v/libexec/gcc/x86_64-unknown-linux-gnu/5.4.0/lto-wrapper]
  ignore line: [Target: x86_64-unknown-linux-gnu]
  ignore line: [Configured with: /sc1/apps/spack/v0.1.1/var/spack/stage/gcc-5.4.0-mqlhbvmx6lar5z6rmmf5hrqme2ogbu4v/gcc-5.4.0/configure --prefix=/sc1/apps/spack/v0.1.1/opt/spack/linux-centos7-x86_64/gcc-4.8.5/gcc-5.4.0-mqlhbvmx6lar5z6rmmf5hrqme2ogbu4v --disable-multilib --enable-languages=all --with-mpfr=/sc1/apps/spack/v0.1.1/opt/spack/linux-centos7-x86_64/gcc-4.8.5/mpfr-3.1.5-yisprahw4e7ksk67qrrhjb63u3euvrlf --with-gmp=/sc1/apps/spack/v0.1.1/opt/spack/linux-centos7-x86_64/gcc-4.8.5/gmp-6.1.2-6bsovvkqwx6zscwtbvjj6egrgizbyycm --enable-lto --with-quad --with-sysroot=/ --with-stage1-ldflags='-Wl,-rpath,/sc1/apps/spack/v0.1.1/opt/spack/linux-centos7-x86_64/gcc-4.8.5/gcc-5.4.0-mqlhbvmx6lar5z6rmmf5hrqme2ogbu4v/lib -Wl,-rpath,/sc1/apps/spack/v0.1.1/opt/spack/linux-centos7-x86_64/gcc-4.8.5/gcc-5.4.0-mqlhbvmx6lar5z6rmmf5hrqme2ogbu4v/lib64 -Wl,-rpath,/sc1/apps/spack/v0.1.1/opt/spack/linux-centos7-x86_64/gcc-4.8.5/mpc-1.0.3-umgid46twpczw3hnlkz3jgond32zf33l/lib -Wl,-rpath,/sc1/apps/spack/v0.1.1/opt/spack/linux-centos7-x86_64/gcc-4.8.5/isl-0.18-l4somr6goh77xpmdb4tey7uwovhds526/lib -Wl,-rpath,/sc1/apps/spack/v0.1.1/opt/spack/linux-centos7-x86_64/gcc-4.8.5/gmp-6.1.2-6bsovvkqwx6zscwtbvjj6egrgizbyycm/lib -Wl,-rpath,/sc1/apps/spack/v0.1.1/opt/spack/linux-centos7-x86_64/gcc-4.8.5/binutils-2.28-66ufycihw5nglnjuy4xf6hqpwrru6bx4/lib -Wl,-rpath,/sc1/apps/spack/v0.1.1/opt/spack/linux-centos7-x86_64/gcc-4.8.5/mpfr-3.1.5-yisprahw4e7ksk67qrrhjb63u3euvrlf/lib -static-libstdc++ -static-libgcc' --with-boot-ldflags='-Wl,-rpath,/sc1/apps/spack/v0.1.1/opt/spack/linux-centos7-x86_64/gcc-4.8.5/gcc-5.4.0-mqlhbvmx6lar5z6rmmf5hrqme2ogbu4v/lib -Wl,-rpath,/sc1/apps/spack/v0.1.1/opt/spack/linux-centos7-x86_64/gcc-4.8.5/gcc-5.4.0-mqlhbvmx6lar5z6rmmf5hrqme2ogbu4v/lib64 -Wl,-rpath,/sc1/apps/spack/v0.1.1/opt/spack/linux-centos7-x86_64/gcc-4.8.5/mpc-1.0.3-umgid46twpczw3hnlkz3jgond32zf33l/lib -Wl,-rpath,/sc1/apps/spack/v0.1.1/opt/spack/linux-centos7-x86_64/gcc-4.8.5/isl-0.18-l4somr6goh77xpmdb4tey7uwovhds526/lib -Wl,-rpath,/sc1/apps/spack/v0.1.1/opt/spack/linux-centos7-x86_64/gcc-4.8.5/gmp-6.1.2-6bsovvkqwx6zscwtbvjj6egrgizbyycm/lib -Wl,-rpath,/sc1/apps/spack/v0.1.1/opt/spack/linux-centos7-x86_64/gcc-4.8.5/binutils-2.28-66ufycihw5nglnjuy4xf6hqpwrru6bx4/lib -Wl,-rpath,/sc1/apps/spack/v0.1.1/opt/spack/linux-centos7-x86_64/gcc-4.8.5/mpfr-3.1.5-yisprahw4e7ksk67qrrhjb63u3euvrlf/lib -static-libstdc++ -static-libgcc' --with-gnu-ld --with-ld=/sc1/apps/spack/v0.1.1/opt/spack/linux-centos7-x86_64/gcc-4.8.5/binutils-2.28-66ufycihw5nglnjuy4xf6hqpwrru6bx4/bin/ld --with-gnu-as --with-as=/sc1/apps/spack/v0.1.1/opt/spack/linux-centos7-x86_64/gcc-4.8.5/binutils-2.28-66ufycihw5nglnjuy4xf6hqpwrru6bx4/bin/as --with-mpc=/sc1/apps/spack/v0.1.1/opt/spack/linux-centos7-x86_64/gcc-4.8.5/mpc-1.0.3-umgid46twpczw3hnlkz3jgond32zf33l --with-isl=/sc1/apps/spack/v0.1.1/opt/spack/linux-centos7-x86_64/gcc-4.8.5/isl-0.18-l4somr6goh77xpmdb4tey7uwovhds526]
  ignore line: [Thread model: posix]
  ignore line: [gcc version 5.4.0 (GCC) ]
  ignore line: [COMPILER_PATH=/sc1/apps/spack/v0.1.1/opt/spack/linux-centos7-x86_64/gcc-4.8.5/gcc-5.4.0-mqlhbvmx6lar5z6rmmf5hrqme2ogbu4v/libexec/gcc/x86_64-unknown-linux-gnu/5.4.0/:/sc1/apps/spack/v0.1.1/opt/spack/linux-centos7-x86_64/gcc-4.8.5/gcc-5.4.0-mqlhbvmx6lar5z6rmmf5hrqme2ogbu4v/libexec/gcc/x86_64-unknown-linux-gnu/5.4.0/:/sc1/apps/spack/v0.1.1/opt/spack/linux-centos7-x86_64/gcc-4.8.5/gcc-5.4.0-mqlhbvmx6lar5z6rmmf5hrqme2ogbu4v/libexec/gcc/x86_64-unknown-linux-gnu/:/sc1/apps/spack/v0.1.1/opt/spack/linux-centos7-x86_64/gcc-4.8.5/gcc-5.4.0-mqlhbvmx6lar5z6rmmf5hrqme2ogbu4v/lib/gcc/x86_64-unknown-linux-gnu/5.4.0/:/sc1/apps/spack/v0.1.1/opt/spack/linux-centos7-x86_64/gcc-4.8.5/gcc-5.4.0-mqlhbvmx6lar5z6rmmf5hrqme2ogbu4v/lib/gcc/x86_64-unknown-linux-gnu/]
  ignore line: [LIBRARY_PATH=/sc1/apps/spack/v0.1.1/opt/spack/linux-centos7-x86_64/gcc-4.8.5/gcc-5.4.0-mqlhbvmx6lar5z6rmmf5hrqme2ogbu4v/lib/gcc/x86_64-unknown-linux-gnu/5.4.0/:/sc1/apps/spack/v0.1.1/opt/spack/linux-centos7-x86_64/gcc-4.8.5/gcc-5.4.0-mqlhbvmx6lar5z6rmmf5hrqme2ogbu4v/lib/gcc/x86_64-unknown-linux-gnu/5.4.0/../../../../lib64/:/lib/../lib64/:/usr/lib/../lib64/:/sc1/apps/spack/v0.1.1/opt/spack/linux-centos7-x86_64/gcc-4.8.5/gcc-5.4.0-mqlhbvmx6lar5z6rmmf5hrqme2ogbu4v/lib/gcc/x86_64-unknown-linux-gnu/5.4.0/../../../:/lib/:/usr/lib/]
  ignore line: [COLLECT_GCC_OPTIONS='-v' '-o' 'cmTC_f16ea' '-shared-libgcc' '-mtune=generic' '-march=x86-64']
  link line: [ /sc1/apps/spack/v0.1.1/opt/spack/linux-centos7-x86_64/gcc-4.8.5/gcc-5.4.0-mqlhbvmx6lar5z6rmmf5hrqme2ogbu4v/libexec/gcc/x86_64-unknown-linux-gnu/5.4.0/collect2 -plugin /sc1/apps/spack/v0.1.1/opt/spack/linux-centos7-x86_64/gcc-4.8.5/gcc-5.4.0-mqlhbvmx6lar5z6rmmf5hrqme2ogbu4v/libexec/gcc/x86_64-unknown-linux-gnu/5.4.0/liblto_plugin.so -plugin-opt=/sc1/apps/spack/v0.1.1/opt/spack/linux-centos7-x86_64/gcc-4.8.5/gcc-5.4.0-mqlhbvmx6lar5z6rmmf5hrqme2ogbu4v/libexec/gcc/x86_64-unknown-linux-gnu/5.4.0/lto-wrapper -plugin-opt=-fresolution=/tmp/cc0kflTB.res -plugin-opt=-pass-through=-lgcc_s -plugin-opt=-pass-through=-lgcc -plugin-opt=-pass-through=-lc -plugin-opt=-pass-through=-lgcc_s -plugin-opt=-pass-through=-lgcc --sysroot=/ -rpath /sc1/apps/spack/v0.1.1/opt/spack/linux-centos7-x86_64/gcc-4.8.5/gcc-5.4.0-mqlhbvmx6lar5z6rmmf5hrqme2ogbu4v/lib:/sc1/apps/spack/v0.1.1/opt/spack/linux-centos7-x86_64/gcc-4.8.5/gcc-5.4.0-mqlhbvmx6lar5z6rmmf5hrqme2ogbu4v/lib64 --eh-frame-hdr -m elf_x86_64 -dynamic-linker /lib64/ld-linux-x86-64.so.2 -o cmTC_f16ea /lib/../lib64/crt1.o /lib/../lib64/crti.o /sc1/apps/spack/v0.1.1/opt/spack/linux-centos7-x86_64/gcc-4.8.5/gcc-5.4.0-mqlhbvmx6lar5z6rmmf5hrqme2ogbu4v/lib/gcc/x86_64-unknown-linux-gnu/5.4.0/crtbegin.o -L/sc1/apps/spack/v0.1.1/opt/spack/linux-centos7-x86_64/gcc-4.8.5/gcc-5.4.0-mqlhbvmx6lar5z6rmmf5hrqme2ogbu4v/lib/gcc/x86_64-unknown-linux-gnu/5.4.0 -L/sc1/apps/spack/v0.1.1/opt/spack/linux-centos7-x86_64/gcc-4.8.5/gcc-5.4.0-mqlhbvmx6lar5z6rmmf5hrqme2ogbu4v/lib/gcc/x86_64-unknown-linux-gnu/5.4.0/../../../../lib64 -L/lib/../lib64 -L/usr/lib/../lib64 -L/sc1/apps/spack/v0.1.1/opt/spack/linux-centos7-x86_64/gcc-4.8.5/gcc-5.4.0-mqlhbvmx6lar5z6rmmf5hrqme2ogbu4v/lib/gcc/x86_64-unknown-linux-gnu/5.4.0/../../.. CMakeFiles/cmTC_f16ea.dir/CMakeCXXCompilerABI.cpp.o -lstdc++ -lm -lgcc_s -lgcc -lc -lgcc_s -lgcc /sc1/apps/spack/v0.1.1/opt/spack/linux-centos7-x86_64/gcc-4.8.5/gcc-5.4.0-mqlhbvmx6lar5z6rmmf5hrqme2ogbu4v/lib/gcc/x86_64-unknown-linux-gnu/5.4.0/crtend.o /lib/../lib64/crtn.o]
    arg [/sc1/apps/spack/v0.1.1/opt/spack/linux-centos7-x86_64/gcc-4.8.5/gcc-5.4.0-mqlhbvmx6lar5z6rmmf5hrqme2ogbu4v/libexec/gcc/x86_64-unknown-linux-gnu/5.4.0/collect2] ==> ignore
    arg [-plugin] ==> ignore
    arg [/sc1/apps/spack/v0.1.1/opt/spack/linux-centos7-x86_64/gcc-4.8.5/gcc-5.4.0-mqlhbvmx6lar5z6rmmf5hrqme2ogbu4v/libexec/gcc/x86_64-unknown-linux-gnu/5.4.0/liblto_plugin.so] ==> ignore
    arg [-plugin-opt=/sc1/apps/spack/v0.1.1/opt/spack/linux-centos7-x86_64/gcc-4.8.5/gcc-5.4.0-mqlhbvmx6lar5z6rmmf5hrqme2ogbu4v/libexec/gcc/x86_64-unknown-linux-gnu/5.4.0/lto-wrapper] ==> ignore
    arg [-plugin-opt=-fresolution=/tmp/cc0kflTB.res] ==> ignore
    arg [-plugin-opt=-pass-through=-lgcc_s] ==> ignore
    arg [-plugin-opt=-pass-through=-lgcc] ==> ignore
    arg [-plugin-opt=-pass-through=-lc] ==> ignore
    arg [-plugin-opt=-pass-through=-lgcc_s] ==> ignore
    arg [-plugin-opt=-pass-through=-lgcc] ==> ignore
    arg [--sysroot=/] ==> ignore
    arg [-rpath] ==> ignore
    arg [/sc1/apps/spack/v0.1.1/opt/spack/linux-centos7-x86_64/gcc-4.8.5/gcc-5.4.0-mqlhbvmx6lar5z6rmmf5hrqme2ogbu4v/lib:/sc1/apps/spack/v0.1.1/opt/spack/linux-centos7-x86_64/gcc-4.8.5/gcc-5.4.0-mqlhbvmx6lar5z6rmmf5hrqme2ogbu4v/lib64] ==> ignore
    arg [--eh-frame-hdr] ==> ignore
    arg [-m] ==> ignore
    arg [elf_x86_64] ==> ignore
    arg [-dynamic-linker] ==> ignore
    arg [/lib64/ld-linux-x86-64.so.2] ==> ignore
    arg [-o] ==> ignore
    arg [cmTC_f16ea] ==> ignore
    arg [/lib/../lib64/crt1.o] ==> ignore
    arg [/lib/../lib64/crti.o] ==> ignore
    arg [/sc1/apps/spack/v0.1.1/opt/spack/linux-centos7-x86_64/gcc-4.8.5/gcc-5.4.0-mqlhbvmx6lar5z6rmmf5hrqme2ogbu4v/lib/gcc/x86_64-unknown-linux-gnu/5.4.0/crtbegin.o] ==> ignore
    arg [-L/sc1/apps/spack/v0.1.1/opt/spack/linux-centos7-x86_64/gcc-4.8.5/gcc-5.4.0-mqlhbvmx6lar5z6rmmf5hrqme2ogbu4v/lib/gcc/x86_64-unknown-linux-gnu/5.4.0] ==> dir [/sc1/apps/spack/v0.1.1/opt/spack/linux-centos7-x86_64/gcc-4.8.5/gcc-5.4.0-mqlhbvmx6lar5z6rmmf5hrqme2ogbu4v/lib/gcc/x86_64-unknown-linux-gnu/5.4.0]
    arg [-L/sc1/apps/spack/v0.1.1/opt/spack/linux-centos7-x86_64/gcc-4.8.5/gcc-5.4.0-mqlhbvmx6lar5z6rmmf5hrqme2ogbu4v/lib/gcc/x86_64-unknown-linux-gnu/5.4.0/../../../../lib64] ==> dir [/sc1/apps/spack/v0.1.1/opt/spack/linux-centos7-x86_64/gcc-4.8.5/gcc-5.4.0-mqlhbvmx6lar5z6rmmf5hrqme2ogbu4v/lib/gcc/x86_64-unknown-linux-gnu/5.4.0/../../../../lib64]
    arg [-L/lib/../lib64] ==> dir [/lib/../lib64]
    arg [-L/usr/lib/../lib64] ==> dir [/usr/lib/../lib64]
    arg [-L/sc1/apps/spack/v0.1.1/opt/spack/linux-centos7-x86_64/gcc-4.8.5/gcc-5.4.0-mqlhbvmx6lar5z6rmmf5hrqme2ogbu4v/lib/gcc/x86_64-unknown-linux-gnu/5.4.0/../../..] ==> dir [/sc1/apps/spack/v0.1.1/opt/spack/linux-centos7-x86_64/gcc-4.8.5/gcc-5.4.0-mqlhbvmx6lar5z6rmmf5hrqme2ogbu4v/lib/gcc/x86_64-unknown-linux-gnu/5.4.0/../../..]
    arg [CMakeFiles/cmTC_f16ea.dir/CMakeCXXCompilerABI.cpp.o] ==> ignore
    arg [-lstdc++] ==> lib [stdc++]
    arg [-lm] ==> lib [m]
    arg [-lgcc_s] ==> lib [gcc_s]
    arg [-lgcc] ==> lib [gcc]
    arg [-lc] ==> lib [c]
    arg [-lgcc_s] ==> lib [gcc_s]
    arg [-lgcc] ==> lib [gcc]
    arg [/sc1/apps/spack/v0.1.1/opt/spack/linux-centos7-x86_64/gcc-4.8.5/gcc-5.4.0-mqlhbvmx6lar5z6rmmf5hrqme2ogbu4v/lib/gcc/x86_64-unknown-linux-gnu/5.4.0/crtend.o] ==> ignore
    arg [/lib/../lib64/crtn.o] ==> ignore
  collapse library dir [/sc1/apps/spack/v0.1.1/opt/spack/linux-centos7-x86_64/gcc-4.8.5/gcc-5.4.0-mqlhbvmx6lar5z6rmmf5hrqme2ogbu4v/lib/gcc/x86_64-unknown-linux-gnu/5.4.0] ==> [/sc1/apps/spack/v0.1.1/opt/spack/linux-centos7-x86_64/gcc-4.8.5/gcc-5.4.0-mqlhbvmx6lar5z6rmmf5hrqme2ogbu4v/lib/gcc/x86_64-unknown-linux-gnu/5.4.0]
  collapse library dir [/sc1/apps/spack/v0.1.1/opt/spack/linux-centos7-x86_64/gcc-4.8.5/gcc-5.4.0-mqlhbvmx6lar5z6rmmf5hrqme2ogbu4v/lib/gcc/x86_64-unknown-linux-gnu/5.4.0/../../../../lib64] ==> [/sc1/apps/spack/v0.1.1/opt/spack/linux-centos7-x86_64/gcc-4.8.5/gcc-5.4.0-mqlhbvmx6lar5z6rmmf5hrqme2ogbu4v/lib64]
  collapse library dir [/lib/../lib64] ==> [/lib64]
  collapse library dir [/usr/lib/../lib64] ==> [/usr/lib64]
  collapse library dir [/sc1/apps/spack/v0.1.1/opt/spack/linux-centos7-x86_64/gcc-4.8.5/gcc-5.4.0-mqlhbvmx6lar5z6rmmf5hrqme2ogbu4v/lib/gcc/x86_64-unknown-linux-gnu/5.4.0/../../..] ==> [/sc1/apps/spack/v0.1.1/opt/spack/linux-centos7-x86_64/gcc-4.8.5/gcc-5.4.0-mqlhbvmx6lar5z6rmmf5hrqme2ogbu4v/lib]
  implicit libs: [stdc++;m;gcc_s;gcc;c;gcc_s;gcc]
  implicit dirs: [/sc1/apps/spack/v0.1.1/opt/spack/linux-centos7-x86_64/gcc-4.8.5/gcc-5.4.0-mqlhbvmx6lar5z6rmmf5hrqme2ogbu4v/lib/gcc/x86_64-unknown-linux-gnu/5.4.0;/sc1/apps/spack/v0.1.1/opt/spack/linux-centos7-x86_64/gcc-4.8.5/gcc-5.4.0-mqlhbvmx6lar5z6rmmf5hrqme2ogbu4v/lib64;/lib64;/usr/lib64;/sc1/apps/spack/v0.1.1/opt/spack/linux-centos7-x86_64/gcc-4.8.5/gcc-5.4.0-mqlhbvmx6lar5z6rmmf5hrqme2ogbu4v/lib]
  implicit fwks: []




Detecting CXX [-std=c++1z] compiler features compiled with the following output:
Change Dir: /sc1/groups/research/workspace/sri/test/AppriseBioSoftware/Apprise_CUDA_Parse/build/CMakeFiles/CMakeTmp

Run Build Command:"/usr/bin/gmake" "cmTC_6397d/fast"
/usr/bin/gmake -f CMakeFiles/cmTC_6397d.dir/build.make CMakeFiles/cmTC_6397d.dir/build
gmake[1]: Entering directory `/sc1/groups/research/workspace/sri/test/AppriseBioSoftware/Apprise_CUDA_Parse/build/CMakeFiles/CMakeTmp'
Building CXX object CMakeFiles/cmTC_6397d.dir/feature_tests.cxx.o
/sc1/apps/spack/v0.1.1/opt/spack/linux-centos7-x86_64/gcc-4.8.5/gcc-5.4.0-mqlhbvmx6lar5z6rmmf5hrqme2ogbu4v/bin/c++    -std=c++1z -o CMakeFiles/cmTC_6397d.dir/feature_tests.cxx.o -c /sc1/groups/research/workspace/sri/test/AppriseBioSoftware/Apprise_CUDA_Parse/build/CMakeFiles/feature_tests.cxx
Linking CXX executable cmTC_6397d
/sc1/groups/research/workspace/sri/test/AppriseBioSoftware/Apprise_CUDA_Parse/cmake-3.9.4-Linux-x86_64/bin/cmake -E cmake_link_script CMakeFiles/cmTC_6397d.dir/link.txt --verbose=1
/sc1/apps/spack/v0.1.1/opt/spack/linux-centos7-x86_64/gcc-4.8.5/gcc-5.4.0-mqlhbvmx6lar5z6rmmf5hrqme2ogbu4v/bin/c++       CMakeFiles/cmTC_6397d.dir/feature_tests.cxx.o  -o cmTC_6397d 
gmake[1]: Leaving directory `/sc1/groups/research/workspace/sri/test/AppriseBioSoftware/Apprise_CUDA_Parse/build/CMakeFiles/CMakeTmp'


    Feature record: CXX_FEATURE:1cxx_aggregate_default_initializers
    Feature record: CXX_FEATURE:1cxx_alias_templates
    Feature record: CXX_FEATURE:1cxx_alignas
    Feature record: CXX_FEATURE:1cxx_alignof
    Feature record: CXX_FEATURE:1cxx_attributes
    Feature record: CXX_FEATURE:1cxx_attribute_deprecated
    Feature record: CXX_FEATURE:1cxx_auto_type
    Feature record: CXX_FEATURE:1cxx_binary_literals
    Feature record: CXX_FEATURE:1cxx_constexpr
    Feature record: CXX_FEATURE:1cxx_contextual_conversions
    Feature record: CXX_FEATURE:1cxx_decltype
    Feature record: CXX_FEATURE:1cxx_decltype_auto
    Feature record: CXX_FEATURE:1cxx_decltype_incomplete_return_types
    Feature record: CXX_FEATURE:1cxx_default_function_template_args
    Feature record: CXX_FEATURE:1cxx_defaulted_functions
    Feature record: CXX_FEATURE:1cxx_defaulted_move_initializers
    Feature record: CXX_FEATURE:1cxx_delegating_constructors
    Feature record: CXX_FEATURE:1cxx_deleted_functions
    Feature record: CXX_FEATURE:1cxx_digit_separators
    Feature record: CXX_FEATURE:1cxx_enum_forward_declarations
    Feature record: CXX_FEATURE:1cxx_explicit_conversions
    Feature record: CXX_FEATURE:1cxx_extended_friend_declarations
    Feature record: CXX_FEATURE:1cxx_extern_templates
    Feature record: CXX_FEATURE:1cxx_final
    Feature record: CXX_FEATURE:1cxx_func_identifier
    Feature record: CXX_FEATURE:1cxx_generalized_initializers
    Feature record: CXX_FEATURE:1cxx_generic_lambdas
    Feature record: CXX_FEATURE:1cxx_inheriting_constructors
    Feature record: CXX_FEATURE:1cxx_inline_namespaces
    Feature record: CXX_FEATURE:1cxx_lambdas
    Feature record: CXX_FEATURE:1cxx_lambda_init_captures
    Feature record: CXX_FEATURE:1cxx_local_type_template_args
    Feature record: CXX_FEATURE:1cxx_long_long_type
    Feature record: CXX_FEATURE:1cxx_noexcept
    Feature record: CXX_FEATURE:1cxx_nonstatic_member_init
    Feature record: CXX_FEATURE:1cxx_nullptr
    Feature record: CXX_FEATURE:1cxx_override
    Feature record: CXX_FEATURE:1cxx_range_for
    Feature record: CXX_FEATURE:1cxx_raw_string_literals
    Feature record: CXX_FEATURE:1cxx_reference_qualified_functions
    Feature record: CXX_FEATURE:1cxx_relaxed_constexpr
    Feature record: CXX_FEATURE:1cxx_return_type_deduction
    Feature record: CXX_FEATURE:1cxx_right_angle_brackets
    Feature record: CXX_FEATURE:1cxx_rvalue_references
    Feature record: CXX_FEATURE:1cxx_sizeof_member
    Feature record: CXX_FEATURE:1cxx_static_assert
    Feature record: CXX_FEATURE:1cxx_strong_enums
    Feature record: CXX_FEATURE:1cxx_template_template_parameters
    Feature record: CXX_FEATURE:1cxx_thread_local
    Feature record: CXX_FEATURE:1cxx_trailing_return_types
    Feature record: CXX_FEATURE:1cxx_unicode_literals
    Feature record: CXX_FEATURE:1cxx_uniform_initialization
    Feature record: CXX_FEATURE:1cxx_unrestricted_unions
    Feature record: CXX_FEATURE:1cxx_user_literals
    Feature record: CXX_FEATURE:1cxx_variable_templates
    Feature record: CXX_FEATURE:1cxx_variadic_macros
    Feature record: CXX_FEATURE:1cxx_variadic_templates


Detecting CXX [-std=c++14] compiler features compiled with the following output:
Change Dir: /sc1/groups/research/workspace/sri/test/AppriseBioSoftware/Apprise_CUDA_Parse/build/CMakeFiles/CMakeTmp

Run Build Command:"/usr/bin/gmake" "cmTC_acc90/fast"
/usr/bin/gmake -f CMakeFiles/cmTC_acc90.dir/build.make CMakeFiles/cmTC_acc90.dir/build
gmake[1]: Entering directory `/sc1/groups/research/workspace/sri/test/AppriseBioSoftware/Apprise_CUDA_Parse/build/CMakeFiles/CMakeTmp'
Building CXX object CMakeFiles/cmTC_acc90.dir/feature_tests.cxx.o
/sc1/apps/spack/v0.1.1/opt/spack/linux-centos7-x86_64/gcc-4.8.5/gcc-5.4.0-mqlhbvmx6lar5z6rmmf5hrqme2ogbu4v/bin/c++    -std=c++14 -o CMakeFiles/cmTC_acc90.dir/feature_tests.cxx.o -c /sc1/groups/research/workspace/sri/test/AppriseBioSoftware/Apprise_CUDA_Parse/build/CMakeFiles/feature_tests.cxx
Linking CXX executable cmTC_acc90
/sc1/groups/research/workspace/sri/test/AppriseBioSoftware/Apprise_CUDA_Parse/cmake-3.9.4-Linux-x86_64/bin/cmake -E cmake_link_script CMakeFiles/cmTC_acc90.dir/link.txt --verbose=1
/sc1/apps/spack/v0.1.1/opt/spack/linux-centos7-x86_64/gcc-4.8.5/gcc-5.4.0-mqlhbvmx6lar5z6rmmf5hrqme2ogbu4v/bin/c++       CMakeFiles/cmTC_acc90.dir/feature_tests.cxx.o  -o cmTC_acc90 
gmake[1]: Leaving directory `/sc1/groups/research/workspace/sri/test/AppriseBioSoftware/Apprise_CUDA_Parse/build/CMakeFiles/CMakeTmp'


    Feature record: CXX_FEATURE:1cxx_aggregate_default_initializers
    Feature record: CXX_FEATURE:1cxx_alias_templates
    Feature record: CXX_FEATURE:1cxx_alignas
    Feature record: CXX_FEATURE:1cxx_alignof
    Feature record: CXX_FEATURE:1cxx_attributes
    Feature record: CXX_FEATURE:1cxx_attribute_deprecated
    Feature record: CXX_FEATURE:1cxx_auto_type
    Feature record: CXX_FEATURE:1cxx_binary_literals
    Feature record: CXX_FEATURE:1cxx_constexpr
    Feature record: CXX_FEATURE:1cxx_contextual_conversions
    Feature record: CXX_FEATURE:1cxx_decltype
    Feature record: CXX_FEATURE:1cxx_decltype_auto
    Feature record: CXX_FEATURE:1cxx_decltype_incomplete_return_types
    Feature record: CXX_FEATURE:1cxx_default_function_template_args
    Feature record: CXX_FEATURE:1cxx_defaulted_functions
    Feature record: CXX_FEATURE:1cxx_defaulted_move_initializers
    Feature record: CXX_FEATURE:1cxx_delegating_constructors
    Feature record: CXX_FEATURE:1cxx_deleted_functions
    Feature record: CXX_FEATURE:1cxx_digit_separators
    Feature record: CXX_FEATURE:1cxx_enum_forward_declarations
    Feature record: CXX_FEATURE:1cxx_explicit_conversions
    Feature record: CXX_FEATURE:1cxx_extended_friend_declarations
    Feature record: CXX_FEATURE:1cxx_extern_templates
    Feature record: CXX_FEATURE:1cxx_final
    Feature record: CXX_FEATURE:1cxx_func_identifier
    Feature record: CXX_FEATURE:1cxx_generalized_initializers
    Feature record: CXX_FEATURE:1cxx_generic_lambdas
    Feature record: CXX_FEATURE:1cxx_inheriting_constructors
    Feature record: CXX_FEATURE:1cxx_inline_namespaces
    Feature record: CXX_FEATURE:1cxx_lambdas
    Feature record: CXX_FEATURE:1cxx_lambda_init_captures
    Feature record: CXX_FEATURE:1cxx_local_type_template_args
    Feature record: CXX_FEATURE:1cxx_long_long_type
    Feature record: CXX_FEATURE:1cxx_noexcept
    Feature record: CXX_FEATURE:1cxx_nonstatic_member_init
    Feature record: CXX_FEATURE:1cxx_nullptr
    Feature record: CXX_FEATURE:1cxx_override
    Feature record: CXX_FEATURE:1cxx_range_for
    Feature record: CXX_FEATURE:1cxx_raw_string_literals
    Feature record: CXX_FEATURE:1cxx_reference_qualified_functions
    Feature record: CXX_FEATURE:1cxx_relaxed_constexpr
    Feature record: CXX_FEATURE:1cxx_return_type_deduction
    Feature record: CXX_FEATURE:1cxx_right_angle_brackets
    Feature record: CXX_FEATURE:1cxx_rvalue_references
    Feature record: CXX_FEATURE:1cxx_sizeof_member
    Feature record: CXX_FEATURE:1cxx_static_assert
    Feature record: CXX_FEATURE:1cxx_strong_enums
    Feature record: CXX_FEATURE:1cxx_template_template_parameters
    Feature record: CXX_FEATURE:1cxx_thread_local
    Feature record: CXX_FEATURE:1cxx_trailing_return_types
    Feature record: CXX_FEATURE:1cxx_unicode_literals
    Feature record: CXX_FEATURE:1cxx_uniform_initialization
    Feature record: CXX_FEATURE:1cxx_unrestricted_unions
    Feature record: CXX_FEATURE:1cxx_user_literals
    Feature record: CXX_FEATURE:1cxx_variable_templates
    Feature record: CXX_FEATURE:1cxx_variadic_macros
    Feature record: CXX_FEATURE:1cxx_variadic_templates


Detecting CXX [-std=c++11] compiler features compiled with the following output:
Change Dir: /sc1/groups/research/workspace/sri/test/AppriseBioSoftware/Apprise_CUDA_Parse/build/CMakeFiles/CMakeTmp

Run Build Command:"/usr/bin/gmake" "cmTC_b9c61/fast"
/usr/bin/gmake -f CMakeFiles/cmTC_b9c61.dir/build.make CMakeFiles/cmTC_b9c61.dir/build
gmake[1]: Entering directory `/sc1/groups/research/workspace/sri/test/AppriseBioSoftware/Apprise_CUDA_Parse/build/CMakeFiles/CMakeTmp'
Building CXX object CMakeFiles/cmTC_b9c61.dir/feature_tests.cxx.o
/sc1/apps/spack/v0.1.1/opt/spack/linux-centos7-x86_64/gcc-4.8.5/gcc-5.4.0-mqlhbvmx6lar5z6rmmf5hrqme2ogbu4v/bin/c++    -std=c++11 -o CMakeFiles/cmTC_b9c61.dir/feature_tests.cxx.o -c /sc1/groups/research/workspace/sri/test/AppriseBioSoftware/Apprise_CUDA_Parse/build/CMakeFiles/feature_tests.cxx
Linking CXX executable cmTC_b9c61
/sc1/groups/research/workspace/sri/test/AppriseBioSoftware/Apprise_CUDA_Parse/cmake-3.9.4-Linux-x86_64/bin/cmake -E cmake_link_script CMakeFiles/cmTC_b9c61.dir/link.txt --verbose=1
/sc1/apps/spack/v0.1.1/opt/spack/linux-centos7-x86_64/gcc-4.8.5/gcc-5.4.0-mqlhbvmx6lar5z6rmmf5hrqme2ogbu4v/bin/c++       CMakeFiles/cmTC_b9c61.dir/feature_tests.cxx.o  -o cmTC_b9c61 
gmake[1]: Leaving directory `/sc1/groups/research/workspace/sri/test/AppriseBioSoftware/Apprise_CUDA_Parse/build/CMakeFiles/CMakeTmp'


    Feature record: CXX_FEATURE:0cxx_aggregate_default_initializers
    Feature record: CXX_FEATURE:1cxx_alias_templates
    Feature record: CXX_FEATURE:1cxx_alignas
    Feature record: CXX_FEATURE:1cxx_alignof
    Feature record: CXX_FEATURE:1cxx_attributes
    Feature record: CXX_FEATURE:0cxx_attribute_deprecated
    Feature record: CXX_FEATURE:1cxx_auto_type
    Feature record: CXX_FEATURE:0cxx_binary_literals
    Feature record: CXX_FEATURE:1cxx_constexpr
    Feature record: CXX_FEATURE:0cxx_contextual_conversions
    Feature record: CXX_FEATURE:1cxx_decltype
    Feature record: CXX_FEATURE:0cxx_decltype_auto
    Feature record: CXX_FEATURE:1cxx_decltype_incomplete_return_types
    Feature record: CXX_FEATURE:1cxx_default_function_template_args
    Feature record: CXX_FEATURE:1cxx_defaulted_functions
    Feature record: CXX_FEATURE:1cxx_defaulted_move_initializers
    Feature record: CXX_FEATURE:1cxx_delegating_constructors
    Feature record: CXX_FEATURE:1cxx_deleted_functions
    Feature record: CXX_FEATURE:0cxx_digit_separators
    Feature record: CXX_FEATURE:1cxx_enum_forward_declarations
    Feature record: CXX_FEATURE:1cxx_explicit_conversions
    Feature record: CXX_FEATURE:1cxx_extended_friend_declarations
    Feature record: CXX_FEATURE:1cxx_extern_templates
    Feature record: CXX_FEATURE:1cxx_final
    Feature record: CXX_FEATURE:1cxx_func_identifier
    Feature record: CXX_FEATURE:1cxx_generalized_initializers
    Feature record: CXX_FEATURE:0cxx_generic_lambdas
    Feature record: CXX_FEATURE:1cxx_inheriting_constructors
    Feature record: CXX_FEATURE:1cxx_inline_namespaces
    Feature record: CXX_FEATURE:1cxx_lambdas
    Feature record: CXX_FEATURE:0cxx_lambda_init_captures
    Feature record: CXX_FEATURE:1cxx_local_type_template_args
    Feature record: CXX_FEATURE:1cxx_long_long_type
    Feature record: CXX_FEATURE:1cxx_noexcept
    Feature record: CXX_FEATURE:1cxx_nonstatic_member_init
    Feature record: CXX_FEATURE:1cxx_nullptr
    Feature record: CXX_FEATURE:1cxx_override
    Feature record: CXX_FEATURE:1cxx_range_for
    Feature record: CXX_FEATURE:1cxx_raw_string_literals
    Feature record: CXX_FEATURE:1cxx_reference_qualified_functions
    Feature record: CXX_FEATURE:0cxx_relaxed_constexpr
    Feature record: CXX_FEATURE:0cxx_return_type_deduction
    Feature record: CXX_FEATURE:1cxx_right_angle_brackets
    Feature record: CXX_FEATURE:1cxx_rvalue_references
    Feature record: CXX_FEATURE:1cxx_sizeof_member
    Feature record: CXX_FEATURE:1cxx_static_assert
    Feature record: CXX_FEATURE:1cxx_strong_enums
    Feature record: CXX_FEATURE:1cxx_template_template_parameters
    Feature record: CXX_FEATURE:1cxx_thread_local
    Feature record: CXX_FEATURE:1cxx_trailing_return_types
    Feature record: CXX_FEATURE:1cxx_unicode_literals
    Feature record: CXX_FEATURE:1cxx_uniform_initialization
    Feature record: CXX_FEATURE:1cxx_unrestricted_unions
    Feature record: CXX_FEATURE:1cxx_user_literals
    Feature record: CXX_FEATURE:0cxx_variable_templates
    Feature record: CXX_FEATURE:1cxx_variadic_macros
    Feature record: CXX_FEATURE:1cxx_variadic_templates


Detecting CXX [-std=c++98] compiler features compiled with the following output:
Change Dir: /sc1/groups/research/workspace/sri/test/AppriseBioSoftware/Apprise_CUDA_Parse/build/CMakeFiles/CMakeTmp

Run Build Command:"/usr/bin/gmake" "cmTC_93b53/fast"
/usr/bin/gmake -f CMakeFiles/cmTC_93b53.dir/build.make CMakeFiles/cmTC_93b53.dir/build
gmake[1]: Entering directory `/sc1/groups/research/workspace/sri/test/AppriseBioSoftware/Apprise_CUDA_Parse/build/CMakeFiles/CMakeTmp'
Building CXX object CMakeFiles/cmTC_93b53.dir/feature_tests.cxx.o
/sc1/apps/spack/v0.1.1/opt/spack/linux-centos7-x86_64/gcc-4.8.5/gcc-5.4.0-mqlhbvmx6lar5z6rmmf5hrqme2ogbu4v/bin/c++    -std=c++98 -o CMakeFiles/cmTC_93b53.dir/feature_tests.cxx.o -c /sc1/groups/research/workspace/sri/test/AppriseBioSoftware/Apprise_CUDA_Parse/build/CMakeFiles/feature_tests.cxx
Linking CXX executable cmTC_93b53
/sc1/groups/research/workspace/sri/test/AppriseBioSoftware/Apprise_CUDA_Parse/cmake-3.9.4-Linux-x86_64/bin/cmake -E cmake_link_script CMakeFiles/cmTC_93b53.dir/link.txt --verbose=1
/sc1/apps/spack/v0.1.1/opt/spack/linux-centos7-x86_64/gcc-4.8.5/gcc-5.4.0-mqlhbvmx6lar5z6rmmf5hrqme2ogbu4v/bin/c++       CMakeFiles/cmTC_93b53.dir/feature_tests.cxx.o  -o cmTC_93b53 
gmake[1]: Leaving directory `/sc1/groups/research/workspace/sri/test/AppriseBioSoftware/Apprise_CUDA_Parse/build/CMakeFiles/CMakeTmp'


    Feature record: CXX_FEATURE:0cxx_aggregate_default_initializers
    Feature record: CXX_FEATURE:0cxx_alias_templates
    Feature record: CXX_FEATURE:0cxx_alignas
    Feature record: CXX_FEATURE:0cxx_alignof
    Feature record: CXX_FEATURE:0cxx_attributes
    Feature record: CXX_FEATURE:0cxx_attribute_deprecated
    Feature record: CXX_FEATURE:0cxx_auto_type
    Feature record: CXX_FEATURE:0cxx_binary_literals
    Feature record: CXX_FEATURE:0cxx_constexpr
    Feature record: CXX_FEATURE:0cxx_contextual_conversions
    Feature record: CXX_FEATURE:0cxx_decltype
    Feature record: CXX_FEATURE:0cxx_decltype_auto
    Feature record: CXX_FEATURE:0cxx_decltype_incomplete_return_types
    Feature record: CXX_FEATURE:0cxx_default_function_template_args
    Feature record: CXX_FEATURE:0cxx_defaulted_functions
    Feature record: CXX_FEATURE:0cxx_defaulted_move_initializers
    Feature record: CXX_FEATURE:0cxx_delegating_constructors
    Feature record: CXX_FEATURE:0cxx_deleted_functions
    Feature record: CXX_FEATURE:0cxx_digit_separators
    Feature record: CXX_FEATURE:0cxx_enum_forward_declarations
    Feature record: CXX_FEATURE:0cxx_explicit_conversions
    Feature record: CXX_FEATURE:0cxx_extended_friend_declarations
    Feature record: CXX_FEATURE:0cxx_extern_templates
    Feature record: CXX_FEATURE:0cxx_final
    Feature record: CXX_FEATURE:0cxx_func_identifier
    Feature record: CXX_FEATURE:0cxx_generalized_initializers
    Feature record: CXX_FEATURE:0cxx_generic_lambdas
    Feature record: CXX_FEATURE:0cxx_inheriting_constructors
    Feature record: CXX_FEATURE:0cxx_inline_namespaces
    Feature record: CXX_FEATURE:0cxx_lambdas
    Feature record: CXX_FEATURE:0cxx_lambda_init_captures
    Feature record: CXX_FEATURE:0cxx_local_type_template_args
    Feature record: CXX_FEATURE:0cxx_long_long_type
    Feature record: CXX_FEATURE:0cxx_noexcept
    Feature record: CXX_FEATURE:0cxx_nonstatic_member_init
    Feature record: CXX_FEATURE:0cxx_nullptr
    Feature record: CXX_FEATURE:0cxx_override
    Feature record: CXX_FEATURE:0cxx_range_for
    Feature record: CXX_FEATURE:0cxx_raw_string_literals
    Feature record: CXX_FEATURE:0cxx_reference_qualified_functions
    Feature record: CXX_FEATURE:0cxx_relaxed_constexpr
    Feature record: CXX_FEATURE:0cxx_return_type_deduction
    Feature record: CXX_FEATURE:0cxx_right_angle_brackets
    Feature record: CXX_FEATURE:0cxx_rvalue_references
    Feature record: CXX_FEATURE:0cxx_sizeof_member
    Feature record: CXX_FEATURE:0cxx_static_assert
    Feature record: CXX_FEATURE:0cxx_strong_enums
    Feature record: CXX_FEATURE:1cxx_template_template_parameters
    Feature record: CXX_FEATURE:0cxx_thread_local
    Feature record: CXX_FEATURE:0cxx_trailing_return_types
    Feature record: CXX_FEATURE:0cxx_unicode_literals
    Feature record: CXX_FEATURE:0cxx_uniform_initialization
    Feature record: CXX_FEATURE:0cxx_unrestricted_unions
    Feature record: CXX_FEATURE:0cxx_user_literals
    Feature record: CXX_FEATURE:0cxx_variable_templates
    Feature record: CXX_FEATURE:0cxx_variadic_macros
    Feature record: CXX_FEATURE:0cxx_variadic_templates
Detecting CXX OpenMP compiler ABI info compiled with the following output:
Change Dir: /sc1/groups/research/workspace/sri/test/AppriseBioSoftware/Apprise_CUDA_Parse/build/CMakeFiles/CMakeTmp

Run Build Command:"/usr/bin/gmake" "cmTC_b1202/fast"
/usr/bin/gmake -f CMakeFiles/cmTC_b1202.dir/build.make CMakeFiles/cmTC_b1202.dir/build
gmake[1]: Entering directory `/sc1/groups/research/workspace/sri/test/AppriseBioSoftware/Apprise_CUDA_Parse/build/CMakeFiles/CMakeTmp'
Building CXX object CMakeFiles/cmTC_b1202.dir/OpenMPTryFlag.cpp.o
/sc1/apps/spack/v0.1.1/opt/spack/linux-centos7-x86_64/gcc-4.8.5/gcc-5.4.0-mqlhbvmx6lar5z6rmmf5hrqme2ogbu4v/bin/c++    -fopenmp -v   -std=gnu++14 -o CMakeFiles/cmTC_b1202.dir/OpenMPTryFlag.cpp.o -c /sc1/groups/research/workspace/sri/test/AppriseBioSoftware/Apprise_CUDA_Parse/build/CMakeFiles/FindOpenMP/OpenMPTryFlag.cpp
Reading specs from /sc1/apps/spack/v0.1.1/opt/spack/linux-centos7-x86_64/gcc-4.8.5/gcc-5.4.0-mqlhbvmx6lar5z6rmmf5hrqme2ogbu4v/lib/gcc/x86_64-unknown-linux-gnu/5.4.0/specs
COLLECT_GCC=/sc1/apps/spack/v0.1.1/opt/spack/linux-centos7-x86_64/gcc-4.8.5/gcc-5.4.0-mqlhbvmx6lar5z6rmmf5hrqme2ogbu4v/bin/c++
Target: x86_64-unknown-linux-gnu
Configured with: /sc1/apps/spack/v0.1.1/var/spack/stage/gcc-5.4.0-mqlhbvmx6lar5z6rmmf5hrqme2ogbu4v/gcc-5.4.0/configure --prefix=/sc1/apps/spack/v0.1.1/opt/spack/linux-centos7-x86_64/gcc-4.8.5/gcc-5.4.0-mqlhbvmx6lar5z6rmmf5hrqme2ogbu4v --disable-multilib --enable-languages=all --with-mpfr=/sc1/apps/spack/v0.1.1/opt/spack/linux-centos7-x86_64/gcc-4.8.5/mpfr-3.1.5-yisprahw4e7ksk67qrrhjb63u3euvrlf --with-gmp=/sc1/apps/spack/v0.1.1/opt/spack/linux-centos7-x86_64/gcc-4.8.5/gmp-6.1.2-6bsovvkqwx6zscwtbvjj6egrgizbyycm --enable-lto --with-quad --with-sysroot=/ --with-stage1-ldflags='-Wl,-rpath,/sc1/apps/spack/v0.1.1/opt/spack/linux-centos7-x86_64/gcc-4.8.5/gcc-5.4.0-mqlhbvmx6lar5z6rmmf5hrqme2ogbu4v/lib -Wl,-rpath,/sc1/apps/spack/v0.1.1/opt/spack/linux-centos7-x86_64/gcc-4.8.5/gcc-5.4.0-mqlhbvmx6lar5z6rmmf5hrqme2ogbu4v/lib64 -Wl,-rpath,/sc1/apps/spack/v0.1.1/opt/spack/linux-centos7-x86_64/gcc-4.8.5/mpc-1.0.3-umgid46twpczw3hnlkz3jgond32zf33l/lib -Wl,-rpath,/sc1/apps/spack/v0.1.1/opt/spack/linux-centos7-x86_64/gcc-4.8.5/isl-0.18-l4somr6goh77xpmdb4tey7uwovhds526/lib -Wl,-rpath,/sc1/apps/spack/v0.1.1/opt/spack/linux-centos7-x86_64/gcc-4.8.5/gmp-6.1.2-6bsovvkqwx6zscwtbvjj6egrgizbyycm/lib -Wl,-rpath,/sc1/apps/spack/v0.1.1/opt/spack/linux-centos7-x86_64/gcc-4.8.5/binutils-2.28-66ufycihw5nglnjuy4xf6hqpwrru6bx4/lib -Wl,-rpath,/sc1/apps/spack/v0.1.1/opt/spack/linux-centos7-x86_64/gcc-4.8.5/mpfr-3.1.5-yisprahw4e7ksk67qrrhjb63u3euvrlf/lib -static-libstdc++ -static-libgcc' --with-boot-ldflags='-Wl,-rpath,/sc1/apps/spack/v0.1.1/opt/spack/linux-centos7-x86_64/gcc-4.8.5/gcc-5.4.0-mqlhbvmx6lar5z6rmmf5hrqme2ogbu4v/lib -Wl,-rpath,/sc1/apps/spack/v0.1.1/opt/spack/linux-centos7-x86_64/gcc-4.8.5/gcc-5.4.0-mqlhbvmx6lar5z6rmmf5hrqme2ogbu4v/lib64 -Wl,-rpath,/sc1/apps/spack/v0.1.1/opt/spack/linux-centos7-x86_64/gcc-4.8.5/mpc-1.0.3-umgid46twpczw3hnlkz3jgond32zf33l/lib -Wl,-rpath,/sc1/apps/spack/v0.1.1/opt/spack/linux-centos7-x86_64/gcc-4.8.5/isl-0.18-l4somr6goh77xpmdb4tey7uwovhds526/lib -Wl,-rpath,/sc1/apps/spack/v0.1.1/opt/spack/linux-centos7-x86_64/gcc-4.8.5/gmp-6.1.2-6bsovvkqwx6zscwtbvjj6egrgizbyycm/lib -Wl,-rpath,/sc1/apps/spack/v0.1.1/opt/spack/linux-centos7-x86_64/gcc-4.8.5/binutils-2.28-66ufycihw5nglnjuy4xf6hqpwrru6bx4/lib -Wl,-rpath,/sc1/apps/spack/v0.1.1/opt/spack/linux-centos7-x86_64/gcc-4.8.5/mpfr-3.1.5-yisprahw4e7ksk67qrrhjb63u3euvrlf/lib -static-libstdc++ -static-libgcc' --with-gnu-ld --with-ld=/sc1/apps/spack/v0.1.1/opt/spack/linux-centos7-x86_64/gcc-4.8.5/binutils-2.28-66ufycihw5nglnjuy4xf6hqpwrru6bx4/bin/ld --with-gnu-as --with-as=/sc1/apps/spack/v0.1.1/opt/spack/linux-centos7-x86_64/gcc-4.8.5/binutils-2.28-66ufycihw5nglnjuy4xf6hqpwrru6bx4/bin/as --with-mpc=/sc1/apps/spack/v0.1.1/opt/spack/linux-centos7-x86_64/gcc-4.8.5/mpc-1.0.3-umgid46twpczw3hnlkz3jgond32zf33l --with-isl=/sc1/apps/spack/v0.1.1/opt/spack/linux-centos7-x86_64/gcc-4.8.5/isl-0.18-l4somr6goh77xpmdb4tey7uwovhds526
Thread model: posix
gcc version 5.4.0 (GCC) 
COLLECT_GCC_OPTIONS='-fopenmp' '-v' '-std=gnu++14' '-o' 'CMakeFiles/cmTC_b1202.dir/OpenMPTryFlag.cpp.o' '-c' '-shared-libgcc' '-mtune=generic' '-march=x86-64' '-pthread'
 /sc1/apps/spack/v0.1.1/opt/spack/linux-centos7-x86_64/gcc-4.8.5/gcc-5.4.0-mqlhbvmx6lar5z6rmmf5hrqme2ogbu4v/libexec/gcc/x86_64-unknown-linux-gnu/5.4.0/cc1plus -quiet -v -D_GNU_SOURCE -D_REENTRANT /sc1/groups/research/workspace/sri/test/AppriseBioSoftware/Apprise_CUDA_Parse/build/CMakeFiles/FindOpenMP/OpenMPTryFlag.cpp -quiet -dumpbase OpenMPTryFlag.cpp -mtune=generic -march=x86-64 -auxbase-strip CMakeFiles/cmTC_b1202.dir/OpenMPTryFlag.cpp.o -std=gnu++14 -version -fopenmp -o /tmp/ccsqyqxk.s
GNU C++14 (GCC) version 5.4.0 (x86_64-unknown-linux-gnu)
	compiled by GNU C version 5.4.0, GMP version 6.1.2, MPFR version 3.1.5-p2, MPC version 1.0.3
GGC heuristics: --param ggc-min-expand=100 --param ggc-min-heapsize=131072
ignoring nonexistent directory "/sc1/apps/spack/v0.1.1/opt/spack/linux-centos7-x86_64/gcc-4.8.5/gcc-5.4.0-mqlhbvmx6lar5z6rmmf5hrqme2ogbu4v/lib/gcc/x86_64-unknown-linux-gnu/5.4.0/../../../../x86_64-unknown-linux-gnu/include"
#include "..." search starts here:
#include <...> search starts here:
 /cm/shared/apps/uge/8.4.4/include
 /sc1/apps/spack/v0.1.1/opt/spack/linux-centos7-x86_64/gcc-4.8.5/gcc-5.4.0-mqlhbvmx6lar5z6rmmf5hrqme2ogbu4v/lib/gcc/x86_64-unknown-linux-gnu/5.4.0/../../../../include/c++/5.4.0
 /sc1/apps/spack/v0.1.1/opt/spack/linux-centos7-x86_64/gcc-4.8.5/gcc-5.4.0-mqlhbvmx6lar5z6rmmf5hrqme2ogbu4v/lib/gcc/x86_64-unknown-linux-gnu/5.4.0/../../../../include/c++/5.4.0/x86_64-unknown-linux-gnu
 /sc1/apps/spack/v0.1.1/opt/spack/linux-centos7-x86_64/gcc-4.8.5/gcc-5.4.0-mqlhbvmx6lar5z6rmmf5hrqme2ogbu4v/lib/gcc/x86_64-unknown-linux-gnu/5.4.0/../../../../include/c++/5.4.0/backward
 /sc1/apps/spack/v0.1.1/opt/spack/linux-centos7-x86_64/gcc-4.8.5/gcc-5.4.0-mqlhbvmx6lar5z6rmmf5hrqme2ogbu4v/lib/gcc/x86_64-unknown-linux-gnu/5.4.0/include
 /usr/local/include
 /sc1/apps/spack/v0.1.1/opt/spack/linux-centos7-x86_64/gcc-4.8.5/gcc-5.4.0-mqlhbvmx6lar5z6rmmf5hrqme2ogbu4v/lib/gcc/x86_64-unknown-linux-gnu/5.4.0/include-fixed
 /usr/include
End of search list.
GNU C++14 (GCC) version 5.4.0 (x86_64-unknown-linux-gnu)
	compiled by GNU C version 5.4.0, GMP version 6.1.2, MPFR version 3.1.5-p2, MPC version 1.0.3
GGC heuristics: --param ggc-min-expand=100 --param ggc-min-heapsize=131072
Compiler executable checksum: 8e52f29b2a8c0ea4a2b185082f3718c9
COLLECT_GCC_OPTIONS='-fopenmp' '-v' '-std=gnu++14' '-o' 'CMakeFiles/cmTC_b1202.dir/OpenMPTryFlag.cpp.o' '-c' '-shared-libgcc' '-mtune=generic' '-march=x86-64' '-pthread'
 /sc1/apps/spack/v0.1.1/opt/spack/linux-centos7-x86_64/gcc-4.8.5/binutils-2.28-66ufycihw5nglnjuy4xf6hqpwrru6bx4/bin/as -v --64 -o CMakeFiles/cmTC_b1202.dir/OpenMPTryFlag.cpp.o /tmp/ccsqyqxk.s
GNU assembler version 2.28 (x86_64-pc-linux-gnu) using BFD version (GNU Binutils) 2.28
COMPILER_PATH=/sc1/apps/spack/v0.1.1/opt/spack/linux-centos7-x86_64/gcc-4.8.5/gcc-5.4.0-mqlhbvmx6lar5z6rmmf5hrqme2ogbu4v/libexec/gcc/x86_64-unknown-linux-gnu/5.4.0/:/sc1/apps/spack/v0.1.1/opt/spack/linux-centos7-x86_64/gcc-4.8.5/gcc-5.4.0-mqlhbvmx6lar5z6rmmf5hrqme2ogbu4v/libexec/gcc/x86_64-unknown-linux-gnu/5.4.0/:/sc1/apps/spack/v0.1.1/opt/spack/linux-centos7-x86_64/gcc-4.8.5/gcc-5.4.0-mqlhbvmx6lar5z6rmmf5hrqme2ogbu4v/libexec/gcc/x86_64-unknown-linux-gnu/:/sc1/apps/spack/v0.1.1/opt/spack/linux-centos7-x86_64/gcc-4.8.5/gcc-5.4.0-mqlhbvmx6lar5z6rmmf5hrqme2ogbu4v/lib/gcc/x86_64-unknown-linux-gnu/5.4.0/:/sc1/apps/spack/v0.1.1/opt/spack/linux-centos7-x86_64/gcc-4.8.5/gcc-5.4.0-mqlhbvmx6lar5z6rmmf5hrqme2ogbu4v/lib/gcc/x86_64-unknown-linux-gnu/
LIBRARY_PATH=/sc1/apps/spack/v0.1.1/opt/spack/linux-centos7-x86_64/gcc-4.8.5/gcc-5.4.0-mqlhbvmx6lar5z6rmmf5hrqme2ogbu4v/lib/gcc/x86_64-unknown-linux-gnu/5.4.0/:/sc1/apps/spack/v0.1.1/opt/spack/linux-centos7-x86_64/gcc-4.8.5/gcc-5.4.0-mqlhbvmx6lar5z6rmmf5hrqme2ogbu4v/lib/gcc/x86_64-unknown-linux-gnu/5.4.0/../../../../lib64/:/lib/../lib64/:/usr/lib/../lib64/:/sc1/apps/spack/v0.1.1/opt/spack/linux-centos7-x86_64/gcc-4.8.5/gcc-5.4.0-mqlhbvmx6lar5z6rmmf5hrqme2ogbu4v/lib/gcc/x86_64-unknown-linux-gnu/5.4.0/../../../:/lib/:/usr/lib/
COLLECT_GCC_OPTIONS='-fopenmp' '-v' '-std=gnu++14' '-o' 'CMakeFiles/cmTC_b1202.dir/OpenMPTryFlag.cpp.o' '-c' '-shared-libgcc' '-mtune=generic' '-march=x86-64' '-pthread'
Linking CXX executable cmTC_b1202
/sc1/groups/research/workspace/sri/test/AppriseBioSoftware/Apprise_CUDA_Parse/cmake-3.9.4-Linux-x86_64/bin/cmake -E cmake_link_script CMakeFiles/cmTC_b1202.dir/link.txt --verbose=1
/sc1/apps/spack/v0.1.1/opt/spack/linux-centos7-x86_64/gcc-4.8.5/gcc-5.4.0-mqlhbvmx6lar5z6rmmf5hrqme2ogbu4v/bin/c++   -fopenmp -v   -static-libgcc -static-libstdc++ -L.   CMakeFiles/cmTC_b1202.dir/OpenMPTryFlag.cpp.o  -o cmTC_b1202 
Reading specs from /sc1/apps/spack/v0.1.1/opt/spack/linux-centos7-x86_64/gcc-4.8.5/gcc-5.4.0-mqlhbvmx6lar5z6rmmf5hrqme2ogbu4v/lib/gcc/x86_64-unknown-linux-gnu/5.4.0/specs
COLLECT_GCC=/sc1/apps/spack/v0.1.1/opt/spack/linux-centos7-x86_64/gcc-4.8.5/gcc-5.4.0-mqlhbvmx6lar5z6rmmf5hrqme2ogbu4v/bin/c++
COLLECT_LTO_WRAPPER=/sc1/apps/spack/v0.1.1/opt/spack/linux-centos7-x86_64/gcc-4.8.5/gcc-5.4.0-mqlhbvmx6lar5z6rmmf5hrqme2ogbu4v/libexec/gcc/x86_64-unknown-linux-gnu/5.4.0/lto-wrapper
Target: x86_64-unknown-linux-gnu
Configured with: /sc1/apps/spack/v0.1.1/var/spack/stage/gcc-5.4.0-mqlhbvmx6lar5z6rmmf5hrqme2ogbu4v/gcc-5.4.0/configure --prefix=/sc1/apps/spack/v0.1.1/opt/spack/linux-centos7-x86_64/gcc-4.8.5/gcc-5.4.0-mqlhbvmx6lar5z6rmmf5hrqme2ogbu4v --disable-multilib --enable-languages=all --with-mpfr=/sc1/apps/spack/v0.1.1/opt/spack/linux-centos7-x86_64/gcc-4.8.5/mpfr-3.1.5-yisprahw4e7ksk67qrrhjb63u3euvrlf --with-gmp=/sc1/apps/spack/v0.1.1/opt/spack/linux-centos7-x86_64/gcc-4.8.5/gmp-6.1.2-6bsovvkqwx6zscwtbvjj6egrgizbyycm --enable-lto --with-quad --with-sysroot=/ --with-stage1-ldflags='-Wl,-rpath,/sc1/apps/spack/v0.1.1/opt/spack/linux-centos7-x86_64/gcc-4.8.5/gcc-5.4.0-mqlhbvmx6lar5z6rmmf5hrqme2ogbu4v/lib -Wl,-rpath,/sc1/apps/spack/v0.1.1/opt/spack/linux-centos7-x86_64/gcc-4.8.5/gcc-5.4.0-mqlhbvmx6lar5z6rmmf5hrqme2ogbu4v/lib64 -Wl,-rpath,/sc1/apps/spack/v0.1.1/opt/spack/linux-centos7-x86_64/gcc-4.8.5/mpc-1.0.3-umgid46twpczw3hnlkz3jgond32zf33l/lib -Wl,-rpath,/sc1/apps/spack/v0.1.1/opt/spack/linux-centos7-x86_64/gcc-4.8.5/isl-0.18-l4somr6goh77xpmdb4tey7uwovhds526/lib -Wl,-rpath,/sc1/apps/spack/v0.1.1/opt/spack/linux-centos7-x86_64/gcc-4.8.5/gmp-6.1.2-6bsovvkqwx6zscwtbvjj6egrgizbyycm/lib -Wl,-rpath,/sc1/apps/spack/v0.1.1/opt/spack/linux-centos7-x86_64/gcc-4.8.5/binutils-2.28-66ufycihw5nglnjuy4xf6hqpwrru6bx4/lib -Wl,-rpath,/sc1/apps/spack/v0.1.1/opt/spack/linux-centos7-x86_64/gcc-4.8.5/mpfr-3.1.5-yisprahw4e7ksk67qrrhjb63u3euvrlf/lib -static-libstdc++ -static-libgcc' --with-boot-ldflags='-Wl,-rpath,/sc1/apps/spack/v0.1.1/opt/spack/linux-centos7-x86_64/gcc-4.8.5/gcc-5.4.0-mqlhbvmx6lar5z6rmmf5hrqme2ogbu4v/lib -Wl,-rpath,/sc1/apps/spack/v0.1.1/opt/spack/linux-centos7-x86_64/gcc-4.8.5/gcc-5.4.0-mqlhbvmx6lar5z6rmmf5hrqme2ogbu4v/lib64 -Wl,-rpath,/sc1/apps/spack/v0.1.1/opt/spack/linux-centos7-x86_64/gcc-4.8.5/mpc-1.0.3-umgid46twpczw3hnlkz3jgond32zf33l/lib -Wl,-rpath,/sc1/apps/spack/v0.1.1/opt/spack/linux-centos7-x86_64/gcc-4.8.5/isl-0.18-l4somr6goh77xpmdb4tey7uwovhds526/lib -Wl,-rpath,/sc1/apps/spack/v0.1.1/opt/spack/linux-centos7-x86_64/gcc-4.8.5/gmp-6.1.2-6bsovvkqwx6zscwtbvjj6egrgizbyycm/lib -Wl,-rpath,/sc1/apps/spack/v0.1.1/opt/spack/linux-centos7-x86_64/gcc-4.8.5/binutils-2.28-66ufycihw5nglnjuy4xf6hqpwrru6bx4/lib -Wl,-rpath,/sc1/apps/spack/v0.1.1/opt/spack/linux-centos7-x86_64/gcc-4.8.5/mpfr-3.1.5-yisprahw4e7ksk67qrrhjb63u3euvrlf/lib -static-libstdc++ -static-libgcc' --with-gnu-ld --with-ld=/sc1/apps/spack/v0.1.1/opt/spack/linux-centos7-x86_64/gcc-4.8.5/binutils-2.28-66ufycihw5nglnjuy4xf6hqpwrru6bx4/bin/ld --with-gnu-as --with-as=/sc1/apps/spack/v0.1.1/opt/spack/linux-centos7-x86_64/gcc-4.8.5/binutils-2.28-66ufycihw5nglnjuy4xf6hqpwrru6bx4/bin/as --with-mpc=/sc1/apps/spack/v0.1.1/opt/spack/linux-centos7-x86_64/gcc-4.8.5/mpc-1.0.3-umgid46twpczw3hnlkz3jgond32zf33l --with-isl=/sc1/apps/spack/v0.1.1/opt/spack/linux-centos7-x86_64/gcc-4.8.5/isl-0.18-l4somr6goh77xpmdb4tey7uwovhds526
Thread model: posix
gcc version 5.4.0 (GCC) 
COMPILER_PATH=/sc1/apps/spack/v0.1.1/opt/spack/linux-centos7-x86_64/gcc-4.8.5/gcc-5.4.0-mqlhbvmx6lar5z6rmmf5hrqme2ogbu4v/libexec/gcc/x86_64-unknown-linux-gnu/5.4.0/:/sc1/apps/spack/v0.1.1/opt/spack/linux-centos7-x86_64/gcc-4.8.5/gcc-5.4.0-mqlhbvmx6lar5z6rmmf5hrqme2ogbu4v/libexec/gcc/x86_64-unknown-linux-gnu/5.4.0/:/sc1/apps/spack/v0.1.1/opt/spack/linux-centos7-x86_64/gcc-4.8.5/gcc-5.4.0-mqlhbvmx6lar5z6rmmf5hrqme2ogbu4v/libexec/gcc/x86_64-unknown-linux-gnu/:/sc1/apps/spack/v0.1.1/opt/spack/linux-centos7-x86_64/gcc-4.8.5/gcc-5.4.0-mqlhbvmx6lar5z6rmmf5hrqme2ogbu4v/lib/gcc/x86_64-unknown-linux-gnu/5.4.0/:/sc1/apps/spack/v0.1.1/opt/spack/linux-centos7-x86_64/gcc-4.8.5/gcc-5.4.0-mqlhbvmx6lar5z6rmmf5hrqme2ogbu4v/lib/gcc/x86_64-unknown-linux-gnu/
LIBRARY_PATH=/sc1/apps/spack/v0.1.1/opt/spack/linux-centos7-x86_64/gcc-4.8.5/gcc-5.4.0-mqlhbvmx6lar5z6rmmf5hrqme2ogbu4v/lib/gcc/x86_64-unknown-linux-gnu/5.4.0/:/sc1/apps/spack/v0.1.1/opt/spack/linux-centos7-x86_64/gcc-4.8.5/gcc-5.4.0-mqlhbvmx6lar5z6rmmf5hrqme2ogbu4v/lib/gcc/x86_64-unknown-linux-gnu/5.4.0/../../../../lib64/:/lib/../lib64/:/usr/lib/../lib64/:/sc1/apps/spack/v0.1.1/opt/spack/linux-centos7-x86_64/gcc-4.8.5/gcc-5.4.0-mqlhbvmx6lar5z6rmmf5hrqme2ogbu4v/lib/gcc/x86_64-unknown-linux-gnu/5.4.0/../../../:/lib/:/usr/lib/
Reading specs from /sc1/apps/spack/v0.1.1/opt/spack/linux-centos7-x86_64/gcc-4.8.5/gcc-5.4.0-mqlhbvmx6lar5z6rmmf5hrqme2ogbu4v/lib/gcc/x86_64-unknown-linux-gnu/5.4.0/../../../../lib64/libgomp.spec
COLLECT_GCC_OPTIONS='-fopenmp' '-v' '-static-libgcc' '-L.' '-o' 'cmTC_b1202' '-mtune=generic' '-march=x86-64' '-pthread'
 /sc1/apps/spack/v0.1.1/opt/spack/linux-centos7-x86_64/gcc-4.8.5/gcc-5.4.0-mqlhbvmx6lar5z6rmmf5hrqme2ogbu4v/libexec/gcc/x86_64-unknown-linux-gnu/5.4.0/collect2 -plugin /sc1/apps/spack/v0.1.1/opt/spack/linux-centos7-x86_64/gcc-4.8.5/gcc-5.4.0-mqlhbvmx6lar5z6rmmf5hrqme2ogbu4v/libexec/gcc/x86_64-unknown-linux-gnu/5.4.0/liblto_plugin.so -plugin-opt=/sc1/apps/spack/v0.1.1/opt/spack/linux-centos7-x86_64/gcc-4.8.5/gcc-5.4.0-mqlhbvmx6lar5z6rmmf5hrqme2ogbu4v/libexec/gcc/x86_64-unknown-linux-gnu/5.4.0/lto-wrapper -plugin-opt=-fresolution=/tmp/cc4bhOPc.res -plugin-opt=-pass-through=-lgcc -plugin-opt=-pass-through=-lgcc_eh -plugin-opt=-pass-through=-lpthread -plugin-opt=-pass-through=-lc -plugin-opt=-pass-through=-lgcc -plugin-opt=-pass-through=-lgcc_eh --sysroot=/ -rpath /sc1/apps/spack/v0.1.1/opt/spack/linux-centos7-x86_64/gcc-4.8.5/gcc-5.4.0-mqlhbvmx6lar5z6rmmf5hrqme2ogbu4v/lib:/sc1/apps/spack/v0.1.1/opt/spack/linux-centos7-x86_64/gcc-4.8.5/gcc-5.4.0-mqlhbvmx6lar5z6rmmf5hrqme2ogbu4v/lib64 --eh-frame-hdr -m elf_x86_64 -dynamic-linker /lib64/ld-linux-x86-64.so.2 -o cmTC_b1202 /lib/../lib64/crt1.o /lib/../lib64/crti.o /sc1/apps/spack/v0.1.1/opt/spack/linux-centos7-x86_64/gcc-4.8.5/gcc-5.4.0-mqlhbvmx6lar5z6rmmf5hrqme2ogbu4v/lib/gcc/x86_64-unknown-linux-gnu/5.4.0/crtbegin.o -L. -L/sc1/apps/spack/v0.1.1/opt/spack/linux-centos7-x86_64/gcc-4.8.5/gcc-5.4.0-mqlhbvmx6lar5z6rmmf5hrqme2ogbu4v/lib/gcc/x86_64-unknown-linux-gnu/5.4.0 -L/sc1/apps/spack/v0.1.1/opt/spack/linux-centos7-x86_64/gcc-4.8.5/gcc-5.4.0-mqlhbvmx6lar5z6rmmf5hrqme2ogbu4v/lib/gcc/x86_64-unknown-linux-gnu/5.4.0/../../../../lib64 -L/lib/../lib64 -L/usr/lib/../lib64 -L/sc1/apps/spack/v0.1.1/opt/spack/linux-centos7-x86_64/gcc-4.8.5/gcc-5.4.0-mqlhbvmx6lar5z6rmmf5hrqme2ogbu4v/lib/gcc/x86_64-unknown-linux-gnu/5.4.0/../../.. CMakeFiles/cmTC_b1202.dir/OpenMPTryFlag.cpp.o -Bstatic -lstdc++ -Bdynamic -lm -lgomp -lgcc -lgcc_eh -lpthread -lc -lgcc -lgcc_eh /sc1/apps/spack/v0.1.1/opt/spack/linux-centos7-x86_64/gcc-4.8.5/gcc-5.4.0-mqlhbvmx6lar5z6rmmf5hrqme2ogbu4v/lib/gcc/x86_64-unknown-linux-gnu/5.4.0/crtend.o /lib/../lib64/crtn.o
gmake[1]: Leaving directory `/sc1/groups/research/workspace/sri/test/AppriseBioSoftware/Apprise_CUDA_Parse/build/CMakeFiles/CMakeTmp'


Parsed CXX OpenMP implicit link information from above output:
  link line regex: [^( *|.*[/\])(ld|CMAKE_LINK_STARTFILE-NOTFOUND|([^/\]+-)?ld|collect2)[^/\]*( |$)]
  ignore line: [Change Dir: /sc1/groups/research/workspace/sri/test/AppriseBioSoftware/Apprise_CUDA_Parse/build/CMakeFiles/CMakeTmp]
  ignore line: []
  ignore line: [Run Build Command:"/usr/bin/gmake" "cmTC_b1202/fast"]
  ignore line: [/usr/bin/gmake -f CMakeFiles/cmTC_b1202.dir/build.make CMakeFiles/cmTC_b1202.dir/build]
  ignore line: [gmake[1]: Entering directory `/sc1/groups/research/workspace/sri/test/AppriseBioSoftware/Apprise_CUDA_Parse/build/CMakeFiles/CMakeTmp']
  ignore line: [Building CXX object CMakeFiles/cmTC_b1202.dir/OpenMPTryFlag.cpp.o]
  ignore line: [/sc1/apps/spack/v0.1.1/opt/spack/linux-centos7-x86_64/gcc-4.8.5/gcc-5.4.0-mqlhbvmx6lar5z6rmmf5hrqme2ogbu4v/bin/c++    -fopenmp -v   -std=gnu++14 -o CMakeFiles/cmTC_b1202.dir/OpenMPTryFlag.cpp.o -c /sc1/groups/research/workspace/sri/test/AppriseBioSoftware/Apprise_CUDA_Parse/build/CMakeFiles/FindOpenMP/OpenMPTryFlag.cpp]
  ignore line: [Reading specs from /sc1/apps/spack/v0.1.1/opt/spack/linux-centos7-x86_64/gcc-4.8.5/gcc-5.4.0-mqlhbvmx6lar5z6rmmf5hrqme2ogbu4v/lib/gcc/x86_64-unknown-linux-gnu/5.4.0/specs]
  ignore line: [COLLECT_GCC=/sc1/apps/spack/v0.1.1/opt/spack/linux-centos7-x86_64/gcc-4.8.5/gcc-5.4.0-mqlhbvmx6lar5z6rmmf5hrqme2ogbu4v/bin/c++]
  ignore line: [Target: x86_64-unknown-linux-gnu]
  ignore line: [Configured with: /sc1/apps/spack/v0.1.1/var/spack/stage/gcc-5.4.0-mqlhbvmx6lar5z6rmmf5hrqme2ogbu4v/gcc-5.4.0/configure --prefix=/sc1/apps/spack/v0.1.1/opt/spack/linux-centos7-x86_64/gcc-4.8.5/gcc-5.4.0-mqlhbvmx6lar5z6rmmf5hrqme2ogbu4v --disable-multilib --enable-languages=all --with-mpfr=/sc1/apps/spack/v0.1.1/opt/spack/linux-centos7-x86_64/gcc-4.8.5/mpfr-3.1.5-yisprahw4e7ksk67qrrhjb63u3euvrlf --with-gmp=/sc1/apps/spack/v0.1.1/opt/spack/linux-centos7-x86_64/gcc-4.8.5/gmp-6.1.2-6bsovvkqwx6zscwtbvjj6egrgizbyycm --enable-lto --with-quad --with-sysroot=/ --with-stage1-ldflags='-Wl,-rpath,/sc1/apps/spack/v0.1.1/opt/spack/linux-centos7-x86_64/gcc-4.8.5/gcc-5.4.0-mqlhbvmx6lar5z6rmmf5hrqme2ogbu4v/lib -Wl,-rpath,/sc1/apps/spack/v0.1.1/opt/spack/linux-centos7-x86_64/gcc-4.8.5/gcc-5.4.0-mqlhbvmx6lar5z6rmmf5hrqme2ogbu4v/lib64 -Wl,-rpath,/sc1/apps/spack/v0.1.1/opt/spack/linux-centos7-x86_64/gcc-4.8.5/mpc-1.0.3-umgid46twpczw3hnlkz3jgond32zf33l/lib -Wl,-rpath,/sc1/apps/spack/v0.1.1/opt/spack/linux-centos7-x86_64/gcc-4.8.5/isl-0.18-l4somr6goh77xpmdb4tey7uwovhds526/lib -Wl,-rpath,/sc1/apps/spack/v0.1.1/opt/spack/linux-centos7-x86_64/gcc-4.8.5/gmp-6.1.2-6bsovvkqwx6zscwtbvjj6egrgizbyycm/lib -Wl,-rpath,/sc1/apps/spack/v0.1.1/opt/spack/linux-centos7-x86_64/gcc-4.8.5/binutils-2.28-66ufycihw5nglnjuy4xf6hqpwrru6bx4/lib -Wl,-rpath,/sc1/apps/spack/v0.1.1/opt/spack/linux-centos7-x86_64/gcc-4.8.5/mpfr-3.1.5-yisprahw4e7ksk67qrrhjb63u3euvrlf/lib -static-libstdc++ -static-libgcc' --with-boot-ldflags='-Wl,-rpath,/sc1/apps/spack/v0.1.1/opt/spack/linux-centos7-x86_64/gcc-4.8.5/gcc-5.4.0-mqlhbvmx6lar5z6rmmf5hrqme2ogbu4v/lib -Wl,-rpath,/sc1/apps/spack/v0.1.1/opt/spack/linux-centos7-x86_64/gcc-4.8.5/gcc-5.4.0-mqlhbvmx6lar5z6rmmf5hrqme2ogbu4v/lib64 -Wl,-rpath,/sc1/apps/spack/v0.1.1/opt/spack/linux-centos7-x86_64/gcc-4.8.5/mpc-1.0.3-umgid46twpczw3hnlkz3jgond32zf33l/lib -Wl,-rpath,/sc1/apps/spack/v0.1.1/opt/spack/linux-centos7-x86_64/gcc-4.8.5/isl-0.18-l4somr6goh77xpmdb4tey7uwovhds526/lib -Wl,-rpath,/sc1/apps/spack/v0.1.1/opt/spack/linux-centos7-x86_64/gcc-4.8.5/gmp-6.1.2-6bsovvkqwx6zscwtbvjj6egrgizbyycm/lib -Wl,-rpath,/sc1/apps/spack/v0.1.1/opt/spack/linux-centos7-x86_64/gcc-4.8.5/binutils-2.28-66ufycihw5nglnjuy4xf6hqpwrru6bx4/lib -Wl,-rpath,/sc1/apps/spack/v0.1.1/opt/spack/linux-centos7-x86_64/gcc-4.8.5/mpfr-3.1.5-yisprahw4e7ksk67qrrhjb63u3euvrlf/lib -static-libstdc++ -static-libgcc' --with-gnu-ld --with-ld=/sc1/apps/spack/v0.1.1/opt/spack/linux-centos7-x86_64/gcc-4.8.5/binutils-2.28-66ufycihw5nglnjuy4xf6hqpwrru6bx4/bin/ld --with-gnu-as --with-as=/sc1/apps/spack/v0.1.1/opt/spack/linux-centos7-x86_64/gcc-4.8.5/binutils-2.28-66ufycihw5nglnjuy4xf6hqpwrru6bx4/bin/as --with-mpc=/sc1/apps/spack/v0.1.1/opt/spack/linux-centos7-x86_64/gcc-4.8.5/mpc-1.0.3-umgid46twpczw3hnlkz3jgond32zf33l --with-isl=/sc1/apps/spack/v0.1.1/opt/spack/linux-centos7-x86_64/gcc-4.8.5/isl-0.18-l4somr6goh77xpmdb4tey7uwovhds526]
  ignore line: [Thread model: posix]
  ignore line: [gcc version 5.4.0 (GCC) ]
  ignore line: [COLLECT_GCC_OPTIONS='-fopenmp' '-v' '-std=gnu++14' '-o' 'CMakeFiles/cmTC_b1202.dir/OpenMPTryFlag.cpp.o' '-c' '-shared-libgcc' '-mtune=generic' '-march=x86-64' '-pthread']
  ignore line: [ /sc1/apps/spack/v0.1.1/opt/spack/linux-centos7-x86_64/gcc-4.8.5/gcc-5.4.0-mqlhbvmx6lar5z6rmmf5hrqme2ogbu4v/libexec/gcc/x86_64-unknown-linux-gnu/5.4.0/cc1plus -quiet -v -D_GNU_SOURCE -D_REENTRANT /sc1/groups/research/workspace/sri/test/AppriseBioSoftware/Apprise_CUDA_Parse/build/CMakeFiles/FindOpenMP/OpenMPTryFlag.cpp -quiet -dumpbase OpenMPTryFlag.cpp -mtune=generic -march=x86-64 -auxbase-strip CMakeFiles/cmTC_b1202.dir/OpenMPTryFlag.cpp.o -std=gnu++14 -version -fopenmp -o /tmp/ccsqyqxk.s]
  ignore line: [GNU C++14 (GCC) version 5.4.0 (x86_64-unknown-linux-gnu)]
  ignore line: [	compiled by GNU C version 5.4.0, GMP version 6.1.2, MPFR version 3.1.5-p2, MPC version 1.0.3]
  ignore line: [GGC heuristics: --param ggc-min-expand=100 --param ggc-min-heapsize=131072]
  ignore line: [ignoring nonexistent directory "/sc1/apps/spack/v0.1.1/opt/spack/linux-centos7-x86_64/gcc-4.8.5/gcc-5.4.0-mqlhbvmx6lar5z6rmmf5hrqme2ogbu4v/lib/gcc/x86_64-unknown-linux-gnu/5.4.0/../../../../x86_64-unknown-linux-gnu/include"]
  ignore line: [#include "..." search starts here:]
  ignore line: [#include <...> search starts here:]
  ignore line: [ /cm/shared/apps/uge/8.4.4/include]
  ignore line: [ /sc1/apps/spack/v0.1.1/opt/spack/linux-centos7-x86_64/gcc-4.8.5/gcc-5.4.0-mqlhbvmx6lar5z6rmmf5hrqme2ogbu4v/lib/gcc/x86_64-unknown-linux-gnu/5.4.0/../../../../include/c++/5.4.0]
  ignore line: [ /sc1/apps/spack/v0.1.1/opt/spack/linux-centos7-x86_64/gcc-4.8.5/gcc-5.4.0-mqlhbvmx6lar5z6rmmf5hrqme2ogbu4v/lib/gcc/x86_64-unknown-linux-gnu/5.4.0/../../../../include/c++/5.4.0/x86_64-unknown-linux-gnu]
  ignore line: [ /sc1/apps/spack/v0.1.1/opt/spack/linux-centos7-x86_64/gcc-4.8.5/gcc-5.4.0-mqlhbvmx6lar5z6rmmf5hrqme2ogbu4v/lib/gcc/x86_64-unknown-linux-gnu/5.4.0/../../../../include/c++/5.4.0/backward]
  ignore line: [ /sc1/apps/spack/v0.1.1/opt/spack/linux-centos7-x86_64/gcc-4.8.5/gcc-5.4.0-mqlhbvmx6lar5z6rmmf5hrqme2ogbu4v/lib/gcc/x86_64-unknown-linux-gnu/5.4.0/include]
  ignore line: [ /usr/local/include]
  ignore line: [ /sc1/apps/spack/v0.1.1/opt/spack/linux-centos7-x86_64/gcc-4.8.5/gcc-5.4.0-mqlhbvmx6lar5z6rmmf5hrqme2ogbu4v/lib/gcc/x86_64-unknown-linux-gnu/5.4.0/include-fixed]
  ignore line: [ /usr/include]
  ignore line: [End of search list.]
  ignore line: [GNU C++14 (GCC) version 5.4.0 (x86_64-unknown-linux-gnu)]
  ignore line: [	compiled by GNU C version 5.4.0, GMP version 6.1.2, MPFR version 3.1.5-p2, MPC version 1.0.3]
  ignore line: [GGC heuristics: --param ggc-min-expand=100 --param ggc-min-heapsize=131072]
  ignore line: [Compiler executable checksum: 8e52f29b2a8c0ea4a2b185082f3718c9]
  ignore line: [COLLECT_GCC_OPTIONS='-fopenmp' '-v' '-std=gnu++14' '-o' 'CMakeFiles/cmTC_b1202.dir/OpenMPTryFlag.cpp.o' '-c' '-shared-libgcc' '-mtune=generic' '-march=x86-64' '-pthread']
  ignore line: [ /sc1/apps/spack/v0.1.1/opt/spack/linux-centos7-x86_64/gcc-4.8.5/binutils-2.28-66ufycihw5nglnjuy4xf6hqpwrru6bx4/bin/as -v --64 -o CMakeFiles/cmTC_b1202.dir/OpenMPTryFlag.cpp.o /tmp/ccsqyqxk.s]
  ignore line: [GNU assembler version 2.28 (x86_64-pc-linux-gnu) using BFD version (GNU Binutils) 2.28]
  ignore line: [COMPILER_PATH=/sc1/apps/spack/v0.1.1/opt/spack/linux-centos7-x86_64/gcc-4.8.5/gcc-5.4.0-mqlhbvmx6lar5z6rmmf5hrqme2ogbu4v/libexec/gcc/x86_64-unknown-linux-gnu/5.4.0/:/sc1/apps/spack/v0.1.1/opt/spack/linux-centos7-x86_64/gcc-4.8.5/gcc-5.4.0-mqlhbvmx6lar5z6rmmf5hrqme2ogbu4v/libexec/gcc/x86_64-unknown-linux-gnu/5.4.0/:/sc1/apps/spack/v0.1.1/opt/spack/linux-centos7-x86_64/gcc-4.8.5/gcc-5.4.0-mqlhbvmx6lar5z6rmmf5hrqme2ogbu4v/libexec/gcc/x86_64-unknown-linux-gnu/:/sc1/apps/spack/v0.1.1/opt/spack/linux-centos7-x86_64/gcc-4.8.5/gcc-5.4.0-mqlhbvmx6lar5z6rmmf5hrqme2ogbu4v/lib/gcc/x86_64-unknown-linux-gnu/5.4.0/:/sc1/apps/spack/v0.1.1/opt/spack/linux-centos7-x86_64/gcc-4.8.5/gcc-5.4.0-mqlhbvmx6lar5z6rmmf5hrqme2ogbu4v/lib/gcc/x86_64-unknown-linux-gnu/]
  ignore line: [LIBRARY_PATH=/sc1/apps/spack/v0.1.1/opt/spack/linux-centos7-x86_64/gcc-4.8.5/gcc-5.4.0-mqlhbvmx6lar5z6rmmf5hrqme2ogbu4v/lib/gcc/x86_64-unknown-linux-gnu/5.4.0/:/sc1/apps/spack/v0.1.1/opt/spack/linux-centos7-x86_64/gcc-4.8.5/gcc-5.4.0-mqlhbvmx6lar5z6rmmf5hrqme2ogbu4v/lib/gcc/x86_64-unknown-linux-gnu/5.4.0/../../../../lib64/:/lib/../lib64/:/usr/lib/../lib64/:/sc1/apps/spack/v0.1.1/opt/spack/linux-centos7-x86_64/gcc-4.8.5/gcc-5.4.0-mqlhbvmx6lar5z6rmmf5hrqme2ogbu4v/lib/gcc/x86_64-unknown-linux-gnu/5.4.0/../../../:/lib/:/usr/lib/]
  ignore line: [COLLECT_GCC_OPTIONS='-fopenmp' '-v' '-std=gnu++14' '-o' 'CMakeFiles/cmTC_b1202.dir/OpenMPTryFlag.cpp.o' '-c' '-shared-libgcc' '-mtune=generic' '-march=x86-64' '-pthread']
  ignore line: [Linking CXX executable cmTC_b1202]
  ignore line: [/sc1/groups/research/workspace/sri/test/AppriseBioSoftware/Apprise_CUDA_Parse/cmake-3.9.4-Linux-x86_64/bin/cmake -E cmake_link_script CMakeFiles/cmTC_b1202.dir/link.txt --verbose=1]
  ignore line: [/sc1/apps/spack/v0.1.1/opt/spack/linux-centos7-x86_64/gcc-4.8.5/gcc-5.4.0-mqlhbvmx6lar5z6rmmf5hrqme2ogbu4v/bin/c++   -fopenmp -v   -static-libgcc -static-libstdc++ -L.   CMakeFiles/cmTC_b1202.dir/OpenMPTryFlag.cpp.o  -o cmTC_b1202 ]
  ignore line: [Reading specs from /sc1/apps/spack/v0.1.1/opt/spack/linux-centos7-x86_64/gcc-4.8.5/gcc-5.4.0-mqlhbvmx6lar5z6rmmf5hrqme2ogbu4v/lib/gcc/x86_64-unknown-linux-gnu/5.4.0/specs]
  ignore line: [COLLECT_GCC=/sc1/apps/spack/v0.1.1/opt/spack/linux-centos7-x86_64/gcc-4.8.5/gcc-5.4.0-mqlhbvmx6lar5z6rmmf5hrqme2ogbu4v/bin/c++]
  ignore line: [COLLECT_LTO_WRAPPER=/sc1/apps/spack/v0.1.1/opt/spack/linux-centos7-x86_64/gcc-4.8.5/gcc-5.4.0-mqlhbvmx6lar5z6rmmf5hrqme2ogbu4v/libexec/gcc/x86_64-unknown-linux-gnu/5.4.0/lto-wrapper]
  ignore line: [Target: x86_64-unknown-linux-gnu]
  ignore line: [Configured with: /sc1/apps/spack/v0.1.1/var/spack/stage/gcc-5.4.0-mqlhbvmx6lar5z6rmmf5hrqme2ogbu4v/gcc-5.4.0/configure --prefix=/sc1/apps/spack/v0.1.1/opt/spack/linux-centos7-x86_64/gcc-4.8.5/gcc-5.4.0-mqlhbvmx6lar5z6rmmf5hrqme2ogbu4v --disable-multilib --enable-languages=all --with-mpfr=/sc1/apps/spack/v0.1.1/opt/spack/linux-centos7-x86_64/gcc-4.8.5/mpfr-3.1.5-yisprahw4e7ksk67qrrhjb63u3euvrlf --with-gmp=/sc1/apps/spack/v0.1.1/opt/spack/linux-centos7-x86_64/gcc-4.8.5/gmp-6.1.2-6bsovvkqwx6zscwtbvjj6egrgizbyycm --enable-lto --with-quad --with-sysroot=/ --with-stage1-ldflags='-Wl,-rpath,/sc1/apps/spack/v0.1.1/opt/spack/linux-centos7-x86_64/gcc-4.8.5/gcc-5.4.0-mqlhbvmx6lar5z6rmmf5hrqme2ogbu4v/lib -Wl,-rpath,/sc1/apps/spack/v0.1.1/opt/spack/linux-centos7-x86_64/gcc-4.8.5/gcc-5.4.0-mqlhbvmx6lar5z6rmmf5hrqme2ogbu4v/lib64 -Wl,-rpath,/sc1/apps/spack/v0.1.1/opt/spack/linux-centos7-x86_64/gcc-4.8.5/mpc-1.0.3-umgid46twpczw3hnlkz3jgond32zf33l/lib -Wl,-rpath,/sc1/apps/spack/v0.1.1/opt/spack/linux-centos7-x86_64/gcc-4.8.5/isl-0.18-l4somr6goh77xpmdb4tey7uwovhds526/lib -Wl,-rpath,/sc1/apps/spack/v0.1.1/opt/spack/linux-centos7-x86_64/gcc-4.8.5/gmp-6.1.2-6bsovvkqwx6zscwtbvjj6egrgizbyycm/lib -Wl,-rpath,/sc1/apps/spack/v0.1.1/opt/spack/linux-centos7-x86_64/gcc-4.8.5/binutils-2.28-66ufycihw5nglnjuy4xf6hqpwrru6bx4/lib -Wl,-rpath,/sc1/apps/spack/v0.1.1/opt/spack/linux-centos7-x86_64/gcc-4.8.5/mpfr-3.1.5-yisprahw4e7ksk67qrrhjb63u3euvrlf/lib -static-libstdc++ -static-libgcc' --with-boot-ldflags='-Wl,-rpath,/sc1/apps/spack/v0.1.1/opt/spack/linux-centos7-x86_64/gcc-4.8.5/gcc-5.4.0-mqlhbvmx6lar5z6rmmf5hrqme2ogbu4v/lib -Wl,-rpath,/sc1/apps/spack/v0.1.1/opt/spack/linux-centos7-x86_64/gcc-4.8.5/gcc-5.4.0-mqlhbvmx6lar5z6rmmf5hrqme2ogbu4v/lib64 -Wl,-rpath,/sc1/apps/spack/v0.1.1/opt/spack/linux-centos7-x86_64/gcc-4.8.5/mpc-1.0.3-umgid46twpczw3hnlkz3jgond32zf33l/lib -Wl,-rpath,/sc1/apps/spack/v0.1.1/opt/spack/linux-centos7-x86_64/gcc-4.8.5/isl-0.18-l4somr6goh77xpmdb4tey7uwovhds526/lib -Wl,-rpath,/sc1/apps/spack/v0.1.1/opt/spack/linux-centos7-x86_64/gcc-4.8.5/gmp-6.1.2-6bsovvkqwx6zscwtbvjj6egrgizbyycm/lib -Wl,-rpath,/sc1/apps/spack/v0.1.1/opt/spack/linux-centos7-x86_64/gcc-4.8.5/binutils-2.28-66ufycihw5nglnjuy4xf6hqpwrru6bx4/lib -Wl,-rpath,/sc1/apps/spack/v0.1.1/opt/spack/linux-centos7-x86_64/gcc-4.8.5/mpfr-3.1.5-yisprahw4e7ksk67qrrhjb63u3euvrlf/lib -static-libstdc++ -static-libgcc' --with-gnu-ld --with-ld=/sc1/apps/spack/v0.1.1/opt/spack/linux-centos7-x86_64/gcc-4.8.5/binutils-2.28-66ufycihw5nglnjuy4xf6hqpwrru6bx4/bin/ld --with-gnu-as --with-as=/sc1/apps/spack/v0.1.1/opt/spack/linux-centos7-x86_64/gcc-4.8.5/binutils-2.28-66ufycihw5nglnjuy4xf6hqpwrru6bx4/bin/as --with-mpc=/sc1/apps/spack/v0.1.1/opt/spack/linux-centos7-x86_64/gcc-4.8.5/mpc-1.0.3-umgid46twpczw3hnlkz3jgond32zf33l --with-isl=/sc1/apps/spack/v0.1.1/opt/spack/linux-centos7-x86_64/gcc-4.8.5/isl-0.18-l4somr6goh77xpmdb4tey7uwovhds526]
  ignore line: [Thread model: posix]
  ignore line: [gcc version 5.4.0 (GCC) ]
  ignore line: [COMPILER_PATH=/sc1/apps/spack/v0.1.1/opt/spack/linux-centos7-x86_64/gcc-4.8.5/gcc-5.4.0-mqlhbvmx6lar5z6rmmf5hrqme2ogbu4v/libexec/gcc/x86_64-unknown-linux-gnu/5.4.0/:/sc1/apps/spack/v0.1.1/opt/spack/linux-centos7-x86_64/gcc-4.8.5/gcc-5.4.0-mqlhbvmx6lar5z6rmmf5hrqme2ogbu4v/libexec/gcc/x86_64-unknown-linux-gnu/5.4.0/:/sc1/apps/spack/v0.1.1/opt/spack/linux-centos7-x86_64/gcc-4.8.5/gcc-5.4.0-mqlhbvmx6lar5z6rmmf5hrqme2ogbu4v/libexec/gcc/x86_64-unknown-linux-gnu/:/sc1/apps/spack/v0.1.1/opt/spack/linux-centos7-x86_64/gcc-4.8.5/gcc-5.4.0-mqlhbvmx6lar5z6rmmf5hrqme2ogbu4v/lib/gcc/x86_64-unknown-linux-gnu/5.4.0/:/sc1/apps/spack/v0.1.1/opt/spack/linux-centos7-x86_64/gcc-4.8.5/gcc-5.4.0-mqlhbvmx6lar5z6rmmf5hrqme2ogbu4v/lib/gcc/x86_64-unknown-linux-gnu/]
  ignore line: [LIBRARY_PATH=/sc1/apps/spack/v0.1.1/opt/spack/linux-centos7-x86_64/gcc-4.8.5/gcc-5.4.0-mqlhbvmx6lar5z6rmmf5hrqme2ogbu4v/lib/gcc/x86_64-unknown-linux-gnu/5.4.0/:/sc1/apps/spack/v0.1.1/opt/spack/linux-centos7-x86_64/gcc-4.8.5/gcc-5.4.0-mqlhbvmx6lar5z6rmmf5hrqme2ogbu4v/lib/gcc/x86_64-unknown-linux-gnu/5.4.0/../../../../lib64/:/lib/../lib64/:/usr/lib/../lib64/:/sc1/apps/spack/v0.1.1/opt/spack/linux-centos7-x86_64/gcc-4.8.5/gcc-5.4.0-mqlhbvmx6lar5z6rmmf5hrqme2ogbu4v/lib/gcc/x86_64-unknown-linux-gnu/5.4.0/../../../:/lib/:/usr/lib/]
  ignore line: [Reading specs from /sc1/apps/spack/v0.1.1/opt/spack/linux-centos7-x86_64/gcc-4.8.5/gcc-5.4.0-mqlhbvmx6lar5z6rmmf5hrqme2ogbu4v/lib/gcc/x86_64-unknown-linux-gnu/5.4.0/../../../../lib64/libgomp.spec]
  ignore line: [COLLECT_GCC_OPTIONS='-fopenmp' '-v' '-static-libgcc' '-L.' '-o' 'cmTC_b1202' '-mtune=generic' '-march=x86-64' '-pthread']
  link line: [ /sc1/apps/spack/v0.1.1/opt/spack/linux-centos7-x86_64/gcc-4.8.5/gcc-5.4.0-mqlhbvmx6lar5z6rmmf5hrqme2ogbu4v/libexec/gcc/x86_64-unknown-linux-gnu/5.4.0/collect2 -plugin /sc1/apps/spack/v0.1.1/opt/spack/linux-centos7-x86_64/gcc-4.8.5/gcc-5.4.0-mqlhbvmx6lar5z6rmmf5hrqme2ogbu4v/libexec/gcc/x86_64-unknown-linux-gnu/5.4.0/liblto_plugin.so -plugin-opt=/sc1/apps/spack/v0.1.1/opt/spack/linux-centos7-x86_64/gcc-4.8.5/gcc-5.4.0-mqlhbvmx6lar5z6rmmf5hrqme2ogbu4v/libexec/gcc/x86_64-unknown-linux-gnu/5.4.0/lto-wrapper -plugin-opt=-fresolution=/tmp/cc4bhOPc.res -plugin-opt=-pass-through=-lgcc -plugin-opt=-pass-through=-lgcc_eh -plugin-opt=-pass-through=-lpthread -plugin-opt=-pass-through=-lc -plugin-opt=-pass-through=-lgcc -plugin-opt=-pass-through=-lgcc_eh --sysroot=/ -rpath /sc1/apps/spack/v0.1.1/opt/spack/linux-centos7-x86_64/gcc-4.8.5/gcc-5.4.0-mqlhbvmx6lar5z6rmmf5hrqme2ogbu4v/lib:/sc1/apps/spack/v0.1.1/opt/spack/linux-centos7-x86_64/gcc-4.8.5/gcc-5.4.0-mqlhbvmx6lar5z6rmmf5hrqme2ogbu4v/lib64 --eh-frame-hdr -m elf_x86_64 -dynamic-linker /lib64/ld-linux-x86-64.so.2 -o cmTC_b1202 /lib/../lib64/crt1.o /lib/../lib64/crti.o /sc1/apps/spack/v0.1.1/opt/spack/linux-centos7-x86_64/gcc-4.8.5/gcc-5.4.0-mqlhbvmx6lar5z6rmmf5hrqme2ogbu4v/lib/gcc/x86_64-unknown-linux-gnu/5.4.0/crtbegin.o -L. -L/sc1/apps/spack/v0.1.1/opt/spack/linux-centos7-x86_64/gcc-4.8.5/gcc-5.4.0-mqlhbvmx6lar5z6rmmf5hrqme2ogbu4v/lib/gcc/x86_64-unknown-linux-gnu/5.4.0 -L/sc1/apps/spack/v0.1.1/opt/spack/linux-centos7-x86_64/gcc-4.8.5/gcc-5.4.0-mqlhbvmx6lar5z6rmmf5hrqme2ogbu4v/lib/gcc/x86_64-unknown-linux-gnu/5.4.0/../../../../lib64 -L/lib/../lib64 -L/usr/lib/../lib64 -L/sc1/apps/spack/v0.1.1/opt/spack/linux-centos7-x86_64/gcc-4.8.5/gcc-5.4.0-mqlhbvmx6lar5z6rmmf5hrqme2ogbu4v/lib/gcc/x86_64-unknown-linux-gnu/5.4.0/../../.. CMakeFiles/cmTC_b1202.dir/OpenMPTryFlag.cpp.o -Bstatic -lstdc++ -Bdynamic -lm -lgomp -lgcc -lgcc_eh -lpthread -lc -lgcc -lgcc_eh /sc1/apps/spack/v0.1.1/opt/spack/linux-centos7-x86_64/gcc-4.8.5/gcc-5.4.0-mqlhbvmx6lar5z6rmmf5hrqme2ogbu4v/lib/gcc/x86_64-unknown-linux-gnu/5.4.0/crtend.o /lib/../lib64/crtn.o]
    arg [/sc1/apps/spack/v0.1.1/opt/spack/linux-centos7-x86_64/gcc-4.8.5/gcc-5.4.0-mqlhbvmx6lar5z6rmmf5hrqme2ogbu4v/libexec/gcc/x86_64-unknown-linux-gnu/5.4.0/collect2] ==> ignore
    arg [-plugin] ==> ignore
    arg [/sc1/apps/spack/v0.1.1/opt/spack/linux-centos7-x86_64/gcc-4.8.5/gcc-5.4.0-mqlhbvmx6lar5z6rmmf5hrqme2ogbu4v/libexec/gcc/x86_64-unknown-linux-gnu/5.4.0/liblto_plugin.so] ==> ignore
    arg [-plugin-opt=/sc1/apps/spack/v0.1.1/opt/spack/linux-centos7-x86_64/gcc-4.8.5/gcc-5.4.0-mqlhbvmx6lar5z6rmmf5hrqme2ogbu4v/libexec/gcc/x86_64-unknown-linux-gnu/5.4.0/lto-wrapper] ==> ignore
    arg [-plugin-opt=-fresolution=/tmp/cc4bhOPc.res] ==> ignore
    arg [-plugin-opt=-pass-through=-lgcc] ==> ignore
    arg [-plugin-opt=-pass-through=-lgcc_eh] ==> ignore
    arg [-plugin-opt=-pass-through=-lpthread] ==> ignore
    arg [-plugin-opt=-pass-through=-lc] ==> ignore
    arg [-plugin-opt=-pass-through=-lgcc] ==> ignore
    arg [-plugin-opt=-pass-through=-lgcc_eh] ==> ignore
    arg [--sysroot=/] ==> ignore
    arg [-rpath] ==> ignore
    arg [/sc1/apps/spack/v0.1.1/opt/spack/linux-centos7-x86_64/gcc-4.8.5/gcc-5.4.0-mqlhbvmx6lar5z6rmmf5hrqme2ogbu4v/lib:/sc1/apps/spack/v0.1.1/opt/spack/linux-centos7-x86_64/gcc-4.8.5/gcc-5.4.0-mqlhbvmx6lar5z6rmmf5hrqme2ogbu4v/lib64] ==> ignore
    arg [--eh-frame-hdr] ==> ignore
    arg [-m] ==> ignore
    arg [elf_x86_64] ==> ignore
    arg [-dynamic-linker] ==> ignore
    arg [/lib64/ld-linux-x86-64.so.2] ==> ignore
    arg [-o] ==> ignore
    arg [cmTC_b1202] ==> ignore
    arg [/lib/../lib64/crt1.o] ==> ignore
    arg [/lib/../lib64/crti.o] ==> ignore
    arg [/sc1/apps/spack/v0.1.1/opt/spack/linux-centos7-x86_64/gcc-4.8.5/gcc-5.4.0-mqlhbvmx6lar5z6rmmf5hrqme2ogbu4v/lib/gcc/x86_64-unknown-linux-gnu/5.4.0/crtbegin.o] ==> ignore
    arg [-L.] ==> ignore
    arg [-L/sc1/apps/spack/v0.1.1/opt/spack/linux-centos7-x86_64/gcc-4.8.5/gcc-5.4.0-mqlhbvmx6lar5z6rmmf5hrqme2ogbu4v/lib/gcc/x86_64-unknown-linux-gnu/5.4.0] ==> dir [/sc1/apps/spack/v0.1.1/opt/spack/linux-centos7-x86_64/gcc-4.8.5/gcc-5.4.0-mqlhbvmx6lar5z6rmmf5hrqme2ogbu4v/lib/gcc/x86_64-unknown-linux-gnu/5.4.0]
    arg [-L/sc1/apps/spack/v0.1.1/opt/spack/linux-centos7-x86_64/gcc-4.8.5/gcc-5.4.0-mqlhbvmx6lar5z6rmmf5hrqme2ogbu4v/lib/gcc/x86_64-unknown-linux-gnu/5.4.0/../../../../lib64] ==> dir [/sc1/apps/spack/v0.1.1/opt/spack/linux-centos7-x86_64/gcc-4.8.5/gcc-5.4.0-mqlhbvmx6lar5z6rmmf5hrqme2ogbu4v/lib/gcc/x86_64-unknown-linux-gnu/5.4.0/../../../../lib64]
    arg [-L/lib/../lib64] ==> dir [/lib/../lib64]
    arg [-L/usr/lib/../lib64] ==> dir [/usr/lib/../lib64]
    arg [-L/sc1/apps/spack/v0.1.1/opt/spack/linux-centos7-x86_64/gcc-4.8.5/gcc-5.4.0-mqlhbvmx6lar5z6rmmf5hrqme2ogbu4v/lib/gcc/x86_64-unknown-linux-gnu/5.4.0/../../..] ==> dir [/sc1/apps/spack/v0.1.1/opt/spack/linux-centos7-x86_64/gcc-4.8.5/gcc-5.4.0-mqlhbvmx6lar5z6rmmf5hrqme2ogbu4v/lib/gcc/x86_64-unknown-linux-gnu/5.4.0/../../..]
    arg [CMakeFiles/cmTC_b1202.dir/OpenMPTryFlag.cpp.o] ==> ignore
    arg [-Bstatic] ==> ignore
    arg [-lstdc++] ==> lib [stdc++]
    arg [-Bdynamic] ==> ignore
    arg [-lm] ==> lib [m]
    arg [-lgomp] ==> lib [gomp]
    arg [-lgcc] ==> lib [gcc]
    arg [-lgcc_eh] ==> lib [gcc_eh]
    arg [-lpthread] ==> lib [pthread]
    arg [-lc] ==> lib [c]
    arg [-lgcc] ==> lib [gcc]
    arg [-lgcc_eh] ==> lib [gcc_eh]
    arg [/sc1/apps/spack/v0.1.1/opt/spack/linux-centos7-x86_64/gcc-4.8.5/gcc-5.4.0-mqlhbvmx6lar5z6rmmf5hrqme2ogbu4v/lib/gcc/x86_64-unknown-linux-gnu/5.4.0/crtend.o] ==> ignore
    arg [/lib/../lib64/crtn.o] ==> ignore
  collapse library dir [/sc1/apps/spack/v0.1.1/opt/spack/linux-centos7-x86_64/gcc-4.8.5/gcc-5.4.0-mqlhbvmx6lar5z6rmmf5hrqme2ogbu4v/lib/gcc/x86_64-unknown-linux-gnu/5.4.0] ==> [/sc1/apps/spack/v0.1.1/opt/spack/linux-centos7-x86_64/gcc-4.8.5/gcc-5.4.0-mqlhbvmx6lar5z6rmmf5hrqme2ogbu4v/lib/gcc/x86_64-unknown-linux-gnu/5.4.0]
  collapse library dir [/sc1/apps/spack/v0.1.1/opt/spack/linux-centos7-x86_64/gcc-4.8.5/gcc-5.4.0-mqlhbvmx6lar5z6rmmf5hrqme2ogbu4v/lib/gcc/x86_64-unknown-linux-gnu/5.4.0/../../../../lib64] ==> [/sc1/apps/spack/v0.1.1/opt/spack/linux-centos7-x86_64/gcc-4.8.5/gcc-5.4.0-mqlhbvmx6lar5z6rmmf5hrqme2ogbu4v/lib64]
  collapse library dir [/lib/../lib64] ==> [/lib64]
  collapse library dir [/usr/lib/../lib64] ==> [/usr/lib64]
  collapse library dir [/sc1/apps/spack/v0.1.1/opt/spack/linux-centos7-x86_64/gcc-4.8.5/gcc-5.4.0-mqlhbvmx6lar5z6rmmf5hrqme2ogbu4v/lib/gcc/x86_64-unknown-linux-gnu/5.4.0/../../..] ==> [/sc1/apps/spack/v0.1.1/opt/spack/linux-centos7-x86_64/gcc-4.8.5/gcc-5.4.0-mqlhbvmx6lar5z6rmmf5hrqme2ogbu4v/lib]
  implicit libs: [stdc++;m;gomp;gcc;gcc_eh;pthread;c;gcc;gcc_eh]
  implicit dirs: [/sc1/apps/spack/v0.1.1/opt/spack/linux-centos7-x86_64/gcc-4.8.5/gcc-5.4.0-mqlhbvmx6lar5z6rmmf5hrqme2ogbu4v/lib/gcc/x86_64-unknown-linux-gnu/5.4.0;/sc1/apps/spack/v0.1.1/opt/spack/linux-centos7-x86_64/gcc-4.8.5/gcc-5.4.0-mqlhbvmx6lar5z6rmmf5hrqme2ogbu4v/lib64;/lib64;/usr/lib64;/sc1/apps/spack/v0.1.1/opt/spack/linux-centos7-x86_64/gcc-4.8.5/gcc-5.4.0-mqlhbvmx6lar5z6rmmf5hrqme2ogbu4v/lib]
  implicit fwks: []


