Build started 6/13/2017 9:35:11 PM.
     1>Project "C:\Users\ponsb\Desktop\Nolan\CUDAParse_Crash\StringAnylizerGUI\StringAnylizerGUI.vcxproj" on node 2 (Build target(s)).
     1>C:\Program Files (x86)\MSBuild\12.0\bin\Microsoft.Common.CurrentVersion.targets(1697,5): warning MSB3245: Could not resolve this reference. Could not locate the assembly "DevExpress.Data.v15.2". Check to make sure the assembly exists on disk. If this reference is required by your code, you may get compilation errors.
     1>C:\Program Files (x86)\MSBuild\12.0\bin\Microsoft.Common.CurrentVersion.targets(1697,5): warning MSB3245: Could not resolve this reference. Could not locate the assembly "DevExpress.Printing.v15.2.Core". Check to make sure the assembly exists on disk. If this reference is required by your code, you may get compilation errors.
     1>C:\Program Files (x86)\MSBuild\12.0\bin\Microsoft.Common.CurrentVersion.targets(1697,5): warning MSB3245: Could not resolve this reference. Could not locate the assembly "DevExpress.Utils.v15.2". Check to make sure the assembly exists on disk. If this reference is required by your code, you may get compilation errors.
     1>C:\Program Files (x86)\MSBuild\12.0\bin\Microsoft.Common.CurrentVersion.targets(1697,5): warning MSB3245: Could not resolve this reference. Could not locate the assembly "DevExpress.XtraEditors.v15.2". Check to make sure the assembly exists on disk. If this reference is required by your code, you may get compilation errors.
     1>C:\Program Files (x86)\MSBuild\12.0\bin\Microsoft.Common.CurrentVersion.targets(1697,5): warning MSB3245: Could not resolve this reference. Could not locate the assembly "DevExpress.XtraLayout.v15.2". Check to make sure the assembly exists on disk. If this reference is required by your code, you may get compilation errors.
     1>C:\Program Files (x86)\MSBuild\12.0\bin\Microsoft.Common.CurrentVersion.targets(1697,5): warning MSB3245: Could not resolve this reference. Could not locate the assembly "DevExpress.XtraTreeList.v15.2". Check to make sure the assembly exists on disk. If this reference is required by your code, you may get compilation errors.
     1>AddCudaCompileDeps:
         C:\Program Files (x86)\Microsoft Visual Studio 12.0\VC\bin\cl.exe /E /nologo /showIncludes /TP /D__CUDACC__ /I"C:\Program Files\NVIDIA GPU Computing Toolkit\CUDA\v7.5\include" /I"C:\Program Files\NVIDIA GPU Computing Toolkit\CUDA\v7.5\bin" /I"C:\Program Files\NVIDIA GPU Computing Toolkit\CUDA\v7.5\include" /I. /FIcuda_runtime.h /c C:\Users\ponsb\Desktop\Nolan\CUDAParse_Crash\StringAnylizerGUI\kernel.cu 
       CudaBuild:
         Compiling CUDA source file kernel.cu...
         cmd.exe /C "C:\Users\ponsb\AppData\Local\Temp\tmp1f5a552753034968bd18471439c21a43.cmd"
         "C:\Program Files\NVIDIA GPU Computing Toolkit\CUDA\v7.5\bin\nvcc.exe" -gencode=arch=compute_20,code=\"sm_20,compute_20\" --use-local-env --cl-version 2013 -ccbin "C:\Program Files (x86)\Microsoft Visual Studio 12.0\VC\bin"  -I"C:\Program Files\NVIDIA GPU Computing Toolkit\CUDA\v7.5\include" -I"C:\Program Files\NVIDIA GPU Computing Toolkit\CUDA\v7.5\include"     --keep-dir Debug2 -maxrregcount=0  --machine 32 --compile -cudart static      -Xcompiler "/EHsc /W1 /nologo /O2 /Zi  /MD " -o Debug2\kernel.cu.obj "C:\Users\ponsb\Desktop\Nolan\CUDAParse_Crash\StringAnylizerGUI\kernel.cu"
         
         C:\Users\ponsb\Desktop\Nolan\CUDAParse_Crash\StringAnylizerGUI>"C:\Program Files\NVIDIA GPU Computing Toolkit\CUDA\v7.5\bin\nvcc.exe" -gencode=arch=compute_20,code=\"sm_20,compute_20\" --use-local-env --cl-version 2013 -ccbin "C:\Program Files (x86)\Microsoft Visual Studio 12.0\VC\bin"  -I"C:\Program Files\NVIDIA GPU Computing Toolkit\CUDA\v7.5\include" -I"C:\Program Files\NVIDIA GPU Computing Toolkit\CUDA\v7.5\include"     --keep-dir Debug2 -maxrregcount=0  --machine 32 --compile -cudart static      -Xcompiler "/EHsc /W1 /nologo /O2 /Zi  /MD " -o Debug2\kernel.cu.obj "C:\Users\ponsb\Desktop\Nolan\CUDAParse_Crash\StringAnylizerGUI\kernel.cu" 
     1>C:/Users/ponsb/Desktop/Nolan/CUDAParse_Crash/StringAnylizerGUI/kernel.cu(17): fatal error C1083: Cannot open include file: 'boost/algorithm/string/split.hpp': No such file or directory
         kernel.cu
     1>C:\Program Files (x86)\MSBuild\Microsoft.Cpp\v4.0\V120\BuildCustomizations\CUDA 7.5.targets(604,9): error MSB3721: The command ""C:\Program Files\NVIDIA GPU Computing Toolkit\CUDA\v7.5\bin\nvcc.exe" -gencode=arch=compute_20,code=\"sm_20,compute_20\" --use-local-env --cl-version 2013 -ccbin "C:\Program Files (x86)\Microsoft Visual Studio 12.0\VC\bin"  -I"C:\Program Files\NVIDIA GPU Computing Toolkit\CUDA\v7.5\include" -I"C:\Program Files\NVIDIA GPU Computing Toolkit\CUDA\v7.5\include"     --keep-dir Debug2 -maxrregcount=0  --machine 32 --compile -cudart static      -Xcompiler "/EHsc /W1 /nologo /O2 /Zi  /MD " -o Debug2\kernel.cu.obj "C:\Users\ponsb\Desktop\Nolan\CUDAParse_Crash\StringAnylizerGUI\kernel.cu"" exited with code 2.
     1>Done Building Project "C:\Users\ponsb\Desktop\Nolan\CUDAParse_Crash\StringAnylizerGUI\StringAnylizerGUI.vcxproj" (Build target(s)) -- FAILED.

Build FAILED.

Time Elapsed 00:00:03.07
