c:\users\gary\documents\visual studio 2013\projects\apprise_cuda_parse\stringanylizergui\release\cudaparse.pch
c:\users\gary\documents\visual studio 2013\projects\apprise_cuda_parse\stringanylizergui\release\vc120.pdb
c:\users\gary\documents\visual studio 2013\projects\apprise_cuda_parse\stringanylizergui\release\stdafx.obj
c:\users\gary\documents\visual studio 2013\projects\apprise_cuda_parse\stringanylizergui\release\cudaparse.obj
c:\users\gary\documents\visual studio 2013\projects\apprise_cuda_parse\stringanylizergui\release\mymainclass.obj
c:\users\gary\documents\visual studio 2013\projects\apprise_cuda_parse\stringanylizergui\release\assemblyinfo.obj
c:\users\gary\documents\visual studio 2013\projects\apprise_cuda_parse\stringanylizergui\release\.netframework,version=v4.5.assemblyattributes.obj
c:\users\gary\documents\visual studio 2013\projects\apprise_cuda_parse\stringanylizergui\release\stringanylizergui.form1.resources
c:\users\gary\documents\visual studio 2013\projects\apprise_cuda_parse\release\cudaparse.exe
c:\users\gary\documents\visual studio 2013\projects\apprise_cuda_parse\release\cudaparse.pdb
c:\users\gary\documents\visual studio 2013\projects\apprise_cuda_parse\stringanylizergui\release\app.res
c:\users\gary\documents\visual studio 2013\projects\apprise_cuda_parse\stringanylizergui\release\kernel.cu.cache
c:\users\gary\documents\visual studio 2013\projects\apprise_cuda_parse\stringanylizergui\release\stringanylizergui.vcxproj.generateresource.cache
c:\users\gary\documents\visual studio 2013\projects\apprise_cuda_parse\stringanylizergui\release\kernel.cu.obj
c:\users\gary\documents\visual studio 2013\projects\apprise_cuda_parse\stringanylizergui\release\cudaparse.tlog\cl.command.1.tlog
c:\users\gary\documents\visual studio 2013\projects\apprise_cuda_parse\stringanylizergui\release\cudaparse.tlog\cl.read.1.tlog
c:\users\gary\documents\visual studio 2013\projects\apprise_cuda_parse\stringanylizergui\release\cudaparse.tlog\cl.write.1.tlog
c:\users\gary\documents\visual studio 2013\projects\apprise_cuda_parse\stringanylizergui\release\cudaparse.tlog\cudaparse.write.1u.tlog
c:\users\gary\documents\visual studio 2013\projects\apprise_cuda_parse\stringanylizergui\release\cudaparse.tlog\link.command.1.tlog
c:\users\gary\documents\visual studio 2013\projects\apprise_cuda_parse\stringanylizergui\release\cudaparse.tlog\link.read.1.tlog
c:\users\gary\documents\visual studio 2013\projects\apprise_cuda_parse\stringanylizergui\release\cudaparse.tlog\link.write.1.tlog
c:\users\gary\documents\visual studio 2013\projects\apprise_cuda_parse\stringanylizergui\release\cudaparse.tlog\metagen.read.1.tlog
c:\users\gary\documents\visual studio 2013\projects\apprise_cuda_parse\stringanylizergui\release\cudaparse.tlog\metagen.write.1.tlog
c:\users\gary\documents\visual studio 2013\projects\apprise_cuda_parse\stringanylizergui\release\cudaparse.tlog\rc.command.1.tlog
c:\users\gary\documents\visual studio 2013\projects\apprise_cuda_parse\stringanylizergui\release\cudaparse.tlog\rc.read.1.tlog
c:\users\gary\documents\visual studio 2013\projects\apprise_cuda_parse\stringanylizergui\release\cudaparse.tlog\rc.write.1.tlog
c:\users\gary\documents\visual studio 2013\projects\apprise_cuda_parse\stringanylizergui\release\cudaparse.tlog\tzres.dll.bi
